0	08:46:02.391	Migration: copied from 'C:\Program Files (x86)\Dukascopy MetaTrader 4\config\terminal.ini' to 'C:\Users\nguem\AppData\Roaming\MetaQuotes\Terminal\ADB94438A57B9692806EA638441107AB\config\terminal.ini'
0	08:46:02.391	Migration: copied from 'C:\Program Files (x86)\Dukascopy MetaTrader 4\config\Dukascopy-demo-1.srv' to 'C:\Users\nguem\AppData\Roaming\MetaQuotes\Terminal\ADB94438A57B9692806EA638441107AB\config\Dukascopy-demo-1.srv'
0	08:46:02.391	Migration: copied from 'C:\Program Files (x86)\Dukascopy MetaTrader 4\config\Dukascopy-live-1.srv' to 'C:\Users\nguem\AppData\Roaming\MetaQuotes\Terminal\ADB94438A57B9692806EA638441107AB\config\Dukascopy-live-1.srv'
0	08:46:02.391	Migration: config folder copied from 'C:\Program Files (x86)\Dukascopy MetaTrader 4' to 'C:\Users\nguem\AppData\Roaming\MetaQuotes\Terminal\ADB94438A57B9692806EA638441107AB'
0	08:46:02.406	Migration: copied from 'C:\Program Files (x86)\Dukascopy MetaTrader 4\history\default\EURUSD240.hst' to 'C:\Users\nguem\AppData\Roaming\MetaQuotes\Terminal\ADB94438A57B9692806EA638441107AB\history\default\EURUSD240.hst'
0	08:46:02.412	Migration: copied from 'C:\Program Files (x86)\Dukascopy MetaTrader 4\history\default\GBPUSD240.hst' to 'C:\Users\nguem\AppData\Roaming\MetaQuotes\Terminal\ADB94438A57B9692806EA638441107AB\history\default\GBPUSD240.hst'
0	08:46:02.412	Migration: copied from 'C:\Program Files (x86)\Dukascopy MetaTrader 4\history\default\USDCHF240.hst' to 'C:\Users\nguem\AppData\Roaming\MetaQuotes\Terminal\ADB94438A57B9692806EA638441107AB\history\default\USDCHF240.hst'
0	08:46:02.423	Migration: copied from 'C:\Program Files (x86)\Dukascopy MetaTrader 4\history\default\USDJPY240.hst' to 'C:\Users\nguem\AppData\Roaming\MetaQuotes\Terminal\ADB94438A57B9692806EA638441107AB\history\default\USDJPY240.hst'
0	08:46:02.423	Migration: copied from 'C:\Program Files (x86)\Dukascopy MetaTrader 4\history\default\symbols.sel' to 'C:\Users\nguem\AppData\Roaming\MetaQuotes\Terminal\ADB94438A57B9692806EA638441107AB\history\default\symbols.sel'
0	08:46:02.438	Migration: copied from 'C:\Program Files (x86)\Dukascopy MetaTrader 4\history\default\symbols.raw' to 'C:\Users\nguem\AppData\Roaming\MetaQuotes\Terminal\ADB94438A57B9692806EA638441107AB\history\default\symbols.raw'
0	08:46:02.438	Migration: copied from 'C:\Program Files (x86)\Dukascopy MetaTrader 4\history\default\symgroups.raw' to 'C:\Users\nguem\AppData\Roaming\MetaQuotes\Terminal\ADB94438A57B9692806EA638441107AB\history\default\symgroups.raw'
0	08:46:02.454	Migration: history folder copied from 'C:\Program Files (x86)\Dukascopy MetaTrader 4' to 'C:\Users\nguem\AppData\Roaming\MetaQuotes\Terminal\ADB94438A57B9692806EA638441107AB'
0	08:46:02.454	Migration: copied from 'C:\Program Files (x86)\Dukascopy MetaTrader 4\history\default\EURUSD240.hst' to 'C:\Users\nguem\AppData\Roaming\MetaQuotes\Terminal\ADB94438A57B9692806EA638441107AB\history\default\EURUSD240.hst'
0	08:46:02.454	Migration: copied from 'C:\Program Files (x86)\Dukascopy MetaTrader 4\history\default\GBPUSD240.hst' to 'C:\Users\nguem\AppData\Roaming\MetaQuotes\Terminal\ADB94438A57B9692806EA638441107AB\history\default\GBPUSD240.hst'
0	08:46:02.463	Migration: copied from 'C:\Program Files (x86)\Dukascopy MetaTrader 4\history\default\symbols.raw' to 'C:\Users\nguem\AppData\Roaming\MetaQuotes\Terminal\ADB94438A57B9692806EA638441107AB\history\default\symbols.raw'
0	08:46:02.463	Migration: copied from 'C:\Program Files (x86)\Dukascopy MetaTrader 4\history\default\symbols.sel' to 'C:\Users\nguem\AppData\Roaming\MetaQuotes\Terminal\ADB94438A57B9692806EA638441107AB\history\default\symbols.sel'
0	08:46:02.470	Migration: copied from 'C:\Program Files (x86)\Dukascopy MetaTrader 4\history\default\symgroups.raw' to 'C:\Users\nguem\AppData\Roaming\MetaQuotes\Terminal\ADB94438A57B9692806EA638441107AB\history\default\symgroups.raw'
0	08:46:02.470	Migration: copied from 'C:\Program Files (x86)\Dukascopy MetaTrader 4\history\default\USDCHF240.hst' to 'C:\Users\nguem\AppData\Roaming\MetaQuotes\Terminal\ADB94438A57B9692806EA638441107AB\history\default\USDCHF240.hst'
0	08:46:02.470	Migration: copied from 'C:\Program Files (x86)\Dukascopy MetaTrader 4\history\default\USDJPY240.hst' to 'C:\Users\nguem\AppData\Roaming\MetaQuotes\Terminal\ADB94438A57B9692806EA638441107AB\history\default\USDJPY240.hst'
0	08:46:02.470	Migration: copied from 'C:\Program Files (x86)\Dukascopy MetaTrader 4\history\symbolsets\forex.set' to 'C:\Users\nguem\AppData\Roaming\MetaQuotes\Terminal\ADB94438A57B9692806EA638441107AB\history\symbolsets\forex.set'
0	08:46:02.486	Migration: copied from 'C:\Program Files (x86)\Dukascopy MetaTrader 4\history\symbolsets\forexall.set' to 'C:\Users\nguem\AppData\Roaming\MetaQuotes\Terminal\ADB94438A57B9692806EA638441107AB\history\symbolsets\forexall.set'
0	08:46:02.486	Migration: copied from 'C:\Program Files (x86)\Dukascopy MetaTrader 4\history\mailbox\1356998400.arabic' to 'C:\Users\nguem\AppData\Roaming\MetaQuotes\Terminal\ADB94438A57B9692806EA638441107AB\history\mailbox\1356998400.arabic'
0	08:46:02.486	Migration: copied from 'C:\Program Files (x86)\Dukascopy MetaTrader 4\history\mailbox\1356998401.bulgarian' to 'C:\Users\nguem\AppData\Roaming\MetaQuotes\Terminal\ADB94438A57B9692806EA638441107AB\history\mailbox\1356998401.bulgarian'
0	08:46:02.486	Migration: copied from 'C:\Program Files (x86)\Dukascopy MetaTrader 4\history\mailbox\1356998402.chinese (simplified)' to 'C:\Users\nguem\AppData\Roaming\MetaQuotes\Terminal\ADB94438A57B9692806EA638441107AB\history\mailbox\1356998402.chinese (simplified)'
0	08:46:02.486	Migration: copied from 'C:\Program Files (x86)\Dukascopy MetaTrader 4\history\mailbox\1356998403.chinese (traditional)' to 'C:\Users\nguem\AppData\Roaming\MetaQuotes\Terminal\ADB94438A57B9692806EA638441107AB\history\mailbox\1356998403.chinese (traditional)'
0	08:46:02.501	Migration: copied from 'C:\Program Files (x86)\Dukascopy MetaTrader 4\history\mailbox\1356998404.czech' to 'C:\Users\nguem\AppData\Roaming\MetaQuotes\Terminal\ADB94438A57B9692806EA638441107AB\history\mailbox\1356998404.czech'
0	08:46:02.501	Migration: copied from 'C:\Program Files (x86)\Dukascopy MetaTrader 4\history\mailbox\1356998405.english' to 'C:\Users\nguem\AppData\Roaming\MetaQuotes\Terminal\ADB94438A57B9692806EA638441107AB\history\mailbox\1356998405.english'
0	08:46:02.501	Migration: copied from 'C:\Program Files (x86)\Dukascopy MetaTrader 4\history\mailbox\1356998406.french' to 'C:\Users\nguem\AppData\Roaming\MetaQuotes\Terminal\ADB94438A57B9692806EA638441107AB\history\mailbox\1356998406.french'
0	08:46:02.501	Migration: copied from 'C:\Program Files (x86)\Dukascopy MetaTrader 4\history\mailbox\1356998407.german' to 'C:\Users\nguem\AppData\Roaming\MetaQuotes\Terminal\ADB94438A57B9692806EA638441107AB\history\mailbox\1356998407.german'
0	08:46:02.517	Migration: copied from 'C:\Program Files (x86)\Dukascopy MetaTrader 4\history\mailbox\1356998408.greek' to 'C:\Users\nguem\AppData\Roaming\MetaQuotes\Terminal\ADB94438A57B9692806EA638441107AB\history\mailbox\1356998408.greek'
0	08:46:02.517	Migration: copied from 'C:\Program Files (x86)\Dukascopy MetaTrader 4\history\mailbox\1356998409.hebrew' to 'C:\Users\nguem\AppData\Roaming\MetaQuotes\Terminal\ADB94438A57B9692806EA638441107AB\history\mailbox\1356998409.hebrew'
0	08:46:02.517	Migration: copied from 'C:\Program Files (x86)\Dukascopy MetaTrader 4\history\mailbox\1356998410.hungarian' to 'C:\Users\nguem\AppData\Roaming\MetaQuotes\Terminal\ADB94438A57B9692806EA638441107AB\history\mailbox\1356998410.hungarian'
0	08:46:02.526	Migration: copied from 'C:\Program Files (x86)\Dukascopy MetaTrader 4\history\mailbox\1356998411.indonesian' to 'C:\Users\nguem\AppData\Roaming\MetaQuotes\Terminal\ADB94438A57B9692806EA638441107AB\history\mailbox\1356998411.indonesian'
0	08:46:02.526	Migration: copied from 'C:\Program Files (x86)\Dukascopy MetaTrader 4\history\mailbox\1356998412.italian' to 'C:\Users\nguem\AppData\Roaming\MetaQuotes\Terminal\ADB94438A57B9692806EA638441107AB\history\mailbox\1356998412.italian'
0	08:46:02.533	Migration: copied from 'C:\Program Files (x86)\Dukascopy MetaTrader 4\history\mailbox\1356998413.japanese' to 'C:\Users\nguem\AppData\Roaming\MetaQuotes\Terminal\ADB94438A57B9692806EA638441107AB\history\mailbox\1356998413.japanese'
0	08:46:02.533	Migration: copied from 'C:\Program Files (x86)\Dukascopy MetaTrader 4\history\mailbox\1356998414.malay' to 'C:\Users\nguem\AppData\Roaming\MetaQuotes\Terminal\ADB94438A57B9692806EA638441107AB\history\mailbox\1356998414.malay'
0	08:46:02.533	Migration: copied from 'C:\Program Files (x86)\Dukascopy MetaTrader 4\history\mailbox\1356998415.polish' to 'C:\Users\nguem\AppData\Roaming\MetaQuotes\Terminal\ADB94438A57B9692806EA638441107AB\history\mailbox\1356998415.polish'
0	08:46:02.533	Migration: copied from 'C:\Program Files (x86)\Dukascopy MetaTrader 4\history\mailbox\1356998416.portuguese' to 'C:\Users\nguem\AppData\Roaming\MetaQuotes\Terminal\ADB94438A57B9692806EA638441107AB\history\mailbox\1356998416.portuguese'
0	08:46:02.533	Migration: copied from 'C:\Program Files (x86)\Dukascopy MetaTrader 4\history\mailbox\1356998417.russian' to 'C:\Users\nguem\AppData\Roaming\MetaQuotes\Terminal\ADB94438A57B9692806EA638441107AB\history\mailbox\1356998417.russian'
0	08:46:02.549	Migration: copied from 'C:\Program Files (x86)\Dukascopy MetaTrader 4\history\mailbox\1356998418.slovenian' to 'C:\Users\nguem\AppData\Roaming\MetaQuotes\Terminal\ADB94438A57B9692806EA638441107AB\history\mailbox\1356998418.slovenian'
0	08:46:02.549	Migration: copied from 'C:\Program Files (x86)\Dukascopy MetaTrader 4\history\mailbox\1356998419.spanish' to 'C:\Users\nguem\AppData\Roaming\MetaQuotes\Terminal\ADB94438A57B9692806EA638441107AB\history\mailbox\1356998419.spanish'
0	08:46:02.554	Migration: copied from 'C:\Program Files (x86)\Dukascopy MetaTrader 4\history\mailbox\1356998420.tajik' to 'C:\Users\nguem\AppData\Roaming\MetaQuotes\Terminal\ADB94438A57B9692806EA638441107AB\history\mailbox\1356998420.tajik'
0	08:46:02.554	Migration: copied from 'C:\Program Files (x86)\Dukascopy MetaTrader 4\history\mailbox\1356998421.thai' to 'C:\Users\nguem\AppData\Roaming\MetaQuotes\Terminal\ADB94438A57B9692806EA638441107AB\history\mailbox\1356998421.thai'
0	08:46:02.554	Migration: copied from 'C:\Program Files (x86)\Dukascopy MetaTrader 4\history\mailbox\1356998422.turkish' to 'C:\Users\nguem\AppData\Roaming\MetaQuotes\Terminal\ADB94438A57B9692806EA638441107AB\history\mailbox\1356998422.turkish'
0	08:46:02.565	Migration: copied from 'C:\Program Files (x86)\Dukascopy MetaTrader 4\history\mailbox\1356998423.uzbek' to 'C:\Users\nguem\AppData\Roaming\MetaQuotes\Terminal\ADB94438A57B9692806EA638441107AB\history\mailbox\1356998423.uzbek'
0	08:46:02.565	Migration: copied from 'C:\Program Files (x86)\Dukascopy MetaTrader 4\history\mailbox\1356998424.vietnamese' to 'C:\Users\nguem\AppData\Roaming\MetaQuotes\Terminal\ADB94438A57B9692806EA638441107AB\history\mailbox\1356998424.vietnamese'
0	08:46:02.565	Migration: copied from 'C:\Program Files (x86)\Dukascopy MetaTrader 4\history\mailbox\1356998425.arabic' to 'C:\Users\nguem\AppData\Roaming\MetaQuotes\Terminal\ADB94438A57B9692806EA638441107AB\history\mailbox\1356998425.arabic'
0	08:46:02.565	Migration: copied from 'C:\Program Files (x86)\Dukascopy MetaTrader 4\history\mailbox\1356998426.bulgarian' to 'C:\Users\nguem\AppData\Roaming\MetaQuotes\Terminal\ADB94438A57B9692806EA638441107AB\history\mailbox\1356998426.bulgarian'
0	08:46:02.565	Migration: copied from 'C:\Program Files (x86)\Dukascopy MetaTrader 4\history\mailbox\1356998427.chinese (simplified)' to 'C:\Users\nguem\AppData\Roaming\MetaQuotes\Terminal\ADB94438A57B9692806EA638441107AB\history\mailbox\1356998427.chinese (simplified)'
0	08:46:02.580	Migration: copied from 'C:\Program Files (x86)\Dukascopy MetaTrader 4\history\mailbox\1356998428.chinese (traditional)' to 'C:\Users\nguem\AppData\Roaming\MetaQuotes\Terminal\ADB94438A57B9692806EA638441107AB\history\mailbox\1356998428.chinese (traditional)'
0	08:46:02.580	Migration: copied from 'C:\Program Files (x86)\Dukascopy MetaTrader 4\history\mailbox\1356998429.czech' to 'C:\Users\nguem\AppData\Roaming\MetaQuotes\Terminal\ADB94438A57B9692806EA638441107AB\history\mailbox\1356998429.czech'
0	08:46:02.580	Migration: copied from 'C:\Program Files (x86)\Dukascopy MetaTrader 4\history\mailbox\1356998430.english' to 'C:\Users\nguem\AppData\Roaming\MetaQuotes\Terminal\ADB94438A57B9692806EA638441107AB\history\mailbox\1356998430.english'
0	08:46:02.580	Migration: copied from 'C:\Program Files (x86)\Dukascopy MetaTrader 4\history\mailbox\1356998431.french' to 'C:\Users\nguem\AppData\Roaming\MetaQuotes\Terminal\ADB94438A57B9692806EA638441107AB\history\mailbox\1356998431.french'
0	08:46:02.580	Migration: copied from 'C:\Program Files (x86)\Dukascopy MetaTrader 4\history\mailbox\1356998432.german' to 'C:\Users\nguem\AppData\Roaming\MetaQuotes\Terminal\ADB94438A57B9692806EA638441107AB\history\mailbox\1356998432.german'
0	08:46:02.580	Migration: copied from 'C:\Program Files (x86)\Dukascopy MetaTrader 4\history\mailbox\1356998433.greek' to 'C:\Users\nguem\AppData\Roaming\MetaQuotes\Terminal\ADB94438A57B9692806EA638441107AB\history\mailbox\1356998433.greek'
0	08:46:02.596	Migration: copied from 'C:\Program Files (x86)\Dukascopy MetaTrader 4\history\mailbox\1356998434.hebrew' to 'C:\Users\nguem\AppData\Roaming\MetaQuotes\Terminal\ADB94438A57B9692806EA638441107AB\history\mailbox\1356998434.hebrew'
0	08:46:02.596	Migration: copied from 'C:\Program Files (x86)\Dukascopy MetaTrader 4\history\mailbox\1356998435.hungarian' to 'C:\Users\nguem\AppData\Roaming\MetaQuotes\Terminal\ADB94438A57B9692806EA638441107AB\history\mailbox\1356998435.hungarian'
0	08:46:02.596	Migration: copied from 'C:\Program Files (x86)\Dukascopy MetaTrader 4\history\mailbox\1356998436.indonesian' to 'C:\Users\nguem\AppData\Roaming\MetaQuotes\Terminal\ADB94438A57B9692806EA638441107AB\history\mailbox\1356998436.indonesian'
0	08:46:02.596	Migration: copied from 'C:\Program Files (x86)\Dukascopy MetaTrader 4\history\mailbox\1356998437.italian' to 'C:\Users\nguem\AppData\Roaming\MetaQuotes\Terminal\ADB94438A57B9692806EA638441107AB\history\mailbox\1356998437.italian'
0	08:46:02.612	Migration: copied from 'C:\Program Files (x86)\Dukascopy MetaTrader 4\history\mailbox\1356998438.japanese' to 'C:\Users\nguem\AppData\Roaming\MetaQuotes\Terminal\ADB94438A57B9692806EA638441107AB\history\mailbox\1356998438.japanese'
0	08:46:02.612	Migration: copied from 'C:\Program Files (x86)\Dukascopy MetaTrader 4\history\mailbox\1356998439.malay' to 'C:\Users\nguem\AppData\Roaming\MetaQuotes\Terminal\ADB94438A57B9692806EA638441107AB\history\mailbox\1356998439.malay'
0	08:46:02.616	Migration: copied from 'C:\Program Files (x86)\Dukascopy MetaTrader 4\history\mailbox\1356998440.polish' to 'C:\Users\nguem\AppData\Roaming\MetaQuotes\Terminal\ADB94438A57B9692806EA638441107AB\history\mailbox\1356998440.polish'
0	08:46:02.616	Migration: copied from 'C:\Program Files (x86)\Dukascopy MetaTrader 4\history\mailbox\1356998441.portuguese' to 'C:\Users\nguem\AppData\Roaming\MetaQuotes\Terminal\ADB94438A57B9692806EA638441107AB\history\mailbox\1356998441.portuguese'
0	08:46:02.616	Migration: copied from 'C:\Program Files (x86)\Dukascopy MetaTrader 4\history\mailbox\1356998442.russian' to 'C:\Users\nguem\AppData\Roaming\MetaQuotes\Terminal\ADB94438A57B9692806EA638441107AB\history\mailbox\1356998442.russian'
0	08:46:02.628	Migration: copied from 'C:\Program Files (x86)\Dukascopy MetaTrader 4\history\mailbox\1356998443.slovenian' to 'C:\Users\nguem\AppData\Roaming\MetaQuotes\Terminal\ADB94438A57B9692806EA638441107AB\history\mailbox\1356998443.slovenian'
0	08:46:02.628	Migration: copied from 'C:\Program Files (x86)\Dukascopy MetaTrader 4\history\mailbox\1356998444.spanish' to 'C:\Users\nguem\AppData\Roaming\MetaQuotes\Terminal\ADB94438A57B9692806EA638441107AB\history\mailbox\1356998444.spanish'
0	08:46:02.628	Migration: copied from 'C:\Program Files (x86)\Dukascopy MetaTrader 4\history\mailbox\1356998445.tajik' to 'C:\Users\nguem\AppData\Roaming\MetaQuotes\Terminal\ADB94438A57B9692806EA638441107AB\history\mailbox\1356998445.tajik'
0	08:46:02.628	Migration: copied from 'C:\Program Files (x86)\Dukascopy MetaTrader 4\history\mailbox\1356998446.thai' to 'C:\Users\nguem\AppData\Roaming\MetaQuotes\Terminal\ADB94438A57B9692806EA638441107AB\history\mailbox\1356998446.thai'
0	08:46:02.628	Migration: copied from 'C:\Program Files (x86)\Dukascopy MetaTrader 4\history\mailbox\1356998447.turkish' to 'C:\Users\nguem\AppData\Roaming\MetaQuotes\Terminal\ADB94438A57B9692806EA638441107AB\history\mailbox\1356998447.turkish'
0	08:46:02.643	Migration: copied from 'C:\Program Files (x86)\Dukascopy MetaTrader 4\history\mailbox\1356998448.uzbek' to 'C:\Users\nguem\AppData\Roaming\MetaQuotes\Terminal\ADB94438A57B9692806EA638441107AB\history\mailbox\1356998448.uzbek'
0	08:46:02.643	Migration: copied from 'C:\Program Files (x86)\Dukascopy MetaTrader 4\history\mailbox\1356998449.vietnamese' to 'C:\Users\nguem\AppData\Roaming\MetaQuotes\Terminal\ADB94438A57B9692806EA638441107AB\history\mailbox\1356998449.vietnamese'
0	08:46:02.643	Migration: copied from 'C:\Program Files (x86)\Dukascopy MetaTrader 4\history\mailbox\1356998450.arabic' to 'C:\Users\nguem\AppData\Roaming\MetaQuotes\Terminal\ADB94438A57B9692806EA638441107AB\history\mailbox\1356998450.arabic'
0	08:46:02.643	Migration: copied from 'C:\Program Files (x86)\Dukascopy MetaTrader 4\history\mailbox\1356998451.bulgarian' to 'C:\Users\nguem\AppData\Roaming\MetaQuotes\Terminal\ADB94438A57B9692806EA638441107AB\history\mailbox\1356998451.bulgarian'
0	08:46:02.643	Migration: copied from 'C:\Program Files (x86)\Dukascopy MetaTrader 4\history\mailbox\1356998452.chinese (simplified)' to 'C:\Users\nguem\AppData\Roaming\MetaQuotes\Terminal\ADB94438A57B9692806EA638441107AB\history\mailbox\1356998452.chinese (simplified)'
0	08:46:02.659	Migration: copied from 'C:\Program Files (x86)\Dukascopy MetaTrader 4\history\mailbox\1356998453.chinese (traditional)' to 'C:\Users\nguem\AppData\Roaming\MetaQuotes\Terminal\ADB94438A57B9692806EA638441107AB\history\mailbox\1356998453.chinese (traditional)'
0	08:46:02.664	Migration: copied from 'C:\Program Files (x86)\Dukascopy MetaTrader 4\history\mailbox\1356998454.czech' to 'C:\Users\nguem\AppData\Roaming\MetaQuotes\Terminal\ADB94438A57B9692806EA638441107AB\history\mailbox\1356998454.czech'
0	08:46:02.664	Migration: copied from 'C:\Program Files (x86)\Dukascopy MetaTrader 4\history\mailbox\1356998455.english' to 'C:\Users\nguem\AppData\Roaming\MetaQuotes\Terminal\ADB94438A57B9692806EA638441107AB\history\mailbox\1356998455.english'
0	08:46:02.664	Migration: copied from 'C:\Program Files (x86)\Dukascopy MetaTrader 4\history\mailbox\1356998456.french' to 'C:\Users\nguem\AppData\Roaming\MetaQuotes\Terminal\ADB94438A57B9692806EA638441107AB\history\mailbox\1356998456.french'
0	08:46:02.664	Migration: copied from 'C:\Program Files (x86)\Dukascopy MetaTrader 4\history\mailbox\1356998457.german' to 'C:\Users\nguem\AppData\Roaming\MetaQuotes\Terminal\ADB94438A57B9692806EA638441107AB\history\mailbox\1356998457.german'
0	08:46:02.675	Migration: copied from 'C:\Program Files (x86)\Dukascopy MetaTrader 4\history\mailbox\1356998458.greek' to 'C:\Users\nguem\AppData\Roaming\MetaQuotes\Terminal\ADB94438A57B9692806EA638441107AB\history\mailbox\1356998458.greek'
0	08:46:02.675	Migration: copied from 'C:\Program Files (x86)\Dukascopy MetaTrader 4\history\mailbox\1356998459.hebrew' to 'C:\Users\nguem\AppData\Roaming\MetaQuotes\Terminal\ADB94438A57B9692806EA638441107AB\history\mailbox\1356998459.hebrew'
0	08:46:02.675	Migration: copied from 'C:\Program Files (x86)\Dukascopy MetaTrader 4\history\mailbox\1356998460.hungarian' to 'C:\Users\nguem\AppData\Roaming\MetaQuotes\Terminal\ADB94438A57B9692806EA638441107AB\history\mailbox\1356998460.hungarian'
0	08:46:02.691	Migration: copied from 'C:\Program Files (x86)\Dukascopy MetaTrader 4\history\mailbox\1356998461.indonesian' to 'C:\Users\nguem\AppData\Roaming\MetaQuotes\Terminal\ADB94438A57B9692806EA638441107AB\history\mailbox\1356998461.indonesian'
0	08:46:02.691	Migration: copied from 'C:\Program Files (x86)\Dukascopy MetaTrader 4\history\mailbox\1356998462.italian' to 'C:\Users\nguem\AppData\Roaming\MetaQuotes\Terminal\ADB94438A57B9692806EA638441107AB\history\mailbox\1356998462.italian'
0	08:46:02.691	Migration: copied from 'C:\Program Files (x86)\Dukascopy MetaTrader 4\history\mailbox\1356998463.japanese' to 'C:\Users\nguem\AppData\Roaming\MetaQuotes\Terminal\ADB94438A57B9692806EA638441107AB\history\mailbox\1356998463.japanese'
0	08:46:02.691	Migration: copied from 'C:\Program Files (x86)\Dukascopy MetaTrader 4\history\mailbox\1356998464.malay' to 'C:\Users\nguem\AppData\Roaming\MetaQuotes\Terminal\ADB94438A57B9692806EA638441107AB\history\mailbox\1356998464.malay'
0	08:46:02.691	Migration: copied from 'C:\Program Files (x86)\Dukascopy MetaTrader 4\history\mailbox\1356998465.polish' to 'C:\Users\nguem\AppData\Roaming\MetaQuotes\Terminal\ADB94438A57B9692806EA638441107AB\history\mailbox\1356998465.polish'
0	08:46:02.706	Migration: copied from 'C:\Program Files (x86)\Dukascopy MetaTrader 4\history\mailbox\1356998466.portuguese' to 'C:\Users\nguem\AppData\Roaming\MetaQuotes\Terminal\ADB94438A57B9692806EA638441107AB\history\mailbox\1356998466.portuguese'
0	08:46:02.706	Migration: copied from 'C:\Program Files (x86)\Dukascopy MetaTrader 4\history\mailbox\1356998467.russian' to 'C:\Users\nguem\AppData\Roaming\MetaQuotes\Terminal\ADB94438A57B9692806EA638441107AB\history\mailbox\1356998467.russian'
0	08:46:02.706	Migration: copied from 'C:\Program Files (x86)\Dukascopy MetaTrader 4\history\mailbox\1356998468.slovenian' to 'C:\Users\nguem\AppData\Roaming\MetaQuotes\Terminal\ADB94438A57B9692806EA638441107AB\history\mailbox\1356998468.slovenian'
0	08:46:02.706	Migration: copied from 'C:\Program Files (x86)\Dukascopy MetaTrader 4\history\mailbox\1356998469.spanish' to 'C:\Users\nguem\AppData\Roaming\MetaQuotes\Terminal\ADB94438A57B9692806EA638441107AB\history\mailbox\1356998469.spanish'
0	08:46:02.706	Migration: copied from 'C:\Program Files (x86)\Dukascopy MetaTrader 4\history\mailbox\1356998470.tajik' to 'C:\Users\nguem\AppData\Roaming\MetaQuotes\Terminal\ADB94438A57B9692806EA638441107AB\history\mailbox\1356998470.tajik'
0	08:46:02.722	Migration: copied from 'C:\Program Files (x86)\Dukascopy MetaTrader 4\history\mailbox\1356998471.thai' to 'C:\Users\nguem\AppData\Roaming\MetaQuotes\Terminal\ADB94438A57B9692806EA638441107AB\history\mailbox\1356998471.thai'
0	08:46:02.722	Migration: copied from 'C:\Program Files (x86)\Dukascopy MetaTrader 4\history\mailbox\1356998472.turkish' to 'C:\Users\nguem\AppData\Roaming\MetaQuotes\Terminal\ADB94438A57B9692806EA638441107AB\history\mailbox\1356998472.turkish'
0	08:46:02.722	Migration: copied from 'C:\Program Files (x86)\Dukascopy MetaTrader 4\history\mailbox\1356998473.uzbek' to 'C:\Users\nguem\AppData\Roaming\MetaQuotes\Terminal\ADB94438A57B9692806EA638441107AB\history\mailbox\1356998473.uzbek'
0	08:46:02.722	Migration: copied from 'C:\Program Files (x86)\Dukascopy MetaTrader 4\history\mailbox\1356998474.vietnamese' to 'C:\Users\nguem\AppData\Roaming\MetaQuotes\Terminal\ADB94438A57B9692806EA638441107AB\history\mailbox\1356998474.vietnamese'
0	08:46:02.722	Migration: copied from 'C:\Program Files (x86)\Dukascopy MetaTrader 4\history\mailbox\1356998475.arabic' to 'C:\Users\nguem\AppData\Roaming\MetaQuotes\Terminal\ADB94438A57B9692806EA638441107AB\history\mailbox\1356998475.arabic'
0	08:46:02.737	Migration: copied from 'C:\Program Files (x86)\Dukascopy MetaTrader 4\history\mailbox\1356998476.bulgarian' to 'C:\Users\nguem\AppData\Roaming\MetaQuotes\Terminal\ADB94438A57B9692806EA638441107AB\history\mailbox\1356998476.bulgarian'
0	08:46:02.737	Migration: copied from 'C:\Program Files (x86)\Dukascopy MetaTrader 4\history\mailbox\1356998477.chinese (simplified)' to 'C:\Users\nguem\AppData\Roaming\MetaQuotes\Terminal\ADB94438A57B9692806EA638441107AB\history\mailbox\1356998477.chinese (simplified)'
0	08:46:02.737	Migration: copied from 'C:\Program Files (x86)\Dukascopy MetaTrader 4\history\mailbox\1356998478.chinese (traditional)' to 'C:\Users\nguem\AppData\Roaming\MetaQuotes\Terminal\ADB94438A57B9692806EA638441107AB\history\mailbox\1356998478.chinese (traditional)'
0	08:46:02.737	Migration: copied from 'C:\Program Files (x86)\Dukascopy MetaTrader 4\history\mailbox\1356998479.czech' to 'C:\Users\nguem\AppData\Roaming\MetaQuotes\Terminal\ADB94438A57B9692806EA638441107AB\history\mailbox\1356998479.czech'
0	08:46:02.753	Migration: copied from 'C:\Program Files (x86)\Dukascopy MetaTrader 4\history\mailbox\1356998480.english' to 'C:\Users\nguem\AppData\Roaming\MetaQuotes\Terminal\ADB94438A57B9692806EA638441107AB\history\mailbox\1356998480.english'
0	08:46:02.753	Migration: copied from 'C:\Program Files (x86)\Dukascopy MetaTrader 4\history\mailbox\1356998481.french' to 'C:\Users\nguem\AppData\Roaming\MetaQuotes\Terminal\ADB94438A57B9692806EA638441107AB\history\mailbox\1356998481.french'
0	08:46:02.753	Migration: copied from 'C:\Program Files (x86)\Dukascopy MetaTrader 4\history\mailbox\1356998482.german' to 'C:\Users\nguem\AppData\Roaming\MetaQuotes\Terminal\ADB94438A57B9692806EA638441107AB\history\mailbox\1356998482.german'
0	08:46:02.753	Migration: copied from 'C:\Program Files (x86)\Dukascopy MetaTrader 4\history\mailbox\1356998483.greek' to 'C:\Users\nguem\AppData\Roaming\MetaQuotes\Terminal\ADB94438A57B9692806EA638441107AB\history\mailbox\1356998483.greek'
0	08:46:02.764	Migration: copied from 'C:\Program Files (x86)\Dukascopy MetaTrader 4\history\mailbox\1356998484.hebrew' to 'C:\Users\nguem\AppData\Roaming\MetaQuotes\Terminal\ADB94438A57B9692806EA638441107AB\history\mailbox\1356998484.hebrew'
0	08:46:02.769	Migration: copied from 'C:\Program Files (x86)\Dukascopy MetaTrader 4\history\mailbox\1356998485.hungarian' to 'C:\Users\nguem\AppData\Roaming\MetaQuotes\Terminal\ADB94438A57B9692806EA638441107AB\history\mailbox\1356998485.hungarian'
0	08:46:02.769	Migration: copied from 'C:\Program Files (x86)\Dukascopy MetaTrader 4\history\mailbox\1356998486.indonesian' to 'C:\Users\nguem\AppData\Roaming\MetaQuotes\Terminal\ADB94438A57B9692806EA638441107AB\history\mailbox\1356998486.indonesian'
0	08:46:02.769	Migration: copied from 'C:\Program Files (x86)\Dukascopy MetaTrader 4\history\mailbox\1356998487.italian' to 'C:\Users\nguem\AppData\Roaming\MetaQuotes\Terminal\ADB94438A57B9692806EA638441107AB\history\mailbox\1356998487.italian'
0	08:46:02.769	Migration: copied from 'C:\Program Files (x86)\Dukascopy MetaTrader 4\history\mailbox\1356998488.japanese' to 'C:\Users\nguem\AppData\Roaming\MetaQuotes\Terminal\ADB94438A57B9692806EA638441107AB\history\mailbox\1356998488.japanese'
0	08:46:02.769	Migration: copied from 'C:\Program Files (x86)\Dukascopy MetaTrader 4\history\mailbox\1356998489.malay' to 'C:\Users\nguem\AppData\Roaming\MetaQuotes\Terminal\ADB94438A57B9692806EA638441107AB\history\mailbox\1356998489.malay'
0	08:46:02.785	Migration: copied from 'C:\Program Files (x86)\Dukascopy MetaTrader 4\history\mailbox\1356998490.polish' to 'C:\Users\nguem\AppData\Roaming\MetaQuotes\Terminal\ADB94438A57B9692806EA638441107AB\history\mailbox\1356998490.polish'
0	08:46:02.785	Migration: copied from 'C:\Program Files (x86)\Dukascopy MetaTrader 4\history\mailbox\1356998491.portuguese' to 'C:\Users\nguem\AppData\Roaming\MetaQuotes\Terminal\ADB94438A57B9692806EA638441107AB\history\mailbox\1356998491.portuguese'
0	08:46:02.785	Migration: copied from 'C:\Program Files (x86)\Dukascopy MetaTrader 4\history\mailbox\1356998492.russian' to 'C:\Users\nguem\AppData\Roaming\MetaQuotes\Terminal\ADB94438A57B9692806EA638441107AB\history\mailbox\1356998492.russian'
0	08:46:02.785	Migration: copied from 'C:\Program Files (x86)\Dukascopy MetaTrader 4\history\mailbox\1356998493.slovenian' to 'C:\Users\nguem\AppData\Roaming\MetaQuotes\Terminal\ADB94438A57B9692806EA638441107AB\history\mailbox\1356998493.slovenian'
0	08:46:02.800	Migration: copied from 'C:\Program Files (x86)\Dukascopy MetaTrader 4\history\mailbox\1356998494.spanish' to 'C:\Users\nguem\AppData\Roaming\MetaQuotes\Terminal\ADB94438A57B9692806EA638441107AB\history\mailbox\1356998494.spanish'
0	08:46:02.800	Migration: copied from 'C:\Program Files (x86)\Dukascopy MetaTrader 4\history\mailbox\1356998495.tajik' to 'C:\Users\nguem\AppData\Roaming\MetaQuotes\Terminal\ADB94438A57B9692806EA638441107AB\history\mailbox\1356998495.tajik'
0	08:46:02.800	Migration: copied from 'C:\Program Files (x86)\Dukascopy MetaTrader 4\history\mailbox\1356998496.thai' to 'C:\Users\nguem\AppData\Roaming\MetaQuotes\Terminal\ADB94438A57B9692806EA638441107AB\history\mailbox\1356998496.thai'
0	08:46:02.800	Migration: copied from 'C:\Program Files (x86)\Dukascopy MetaTrader 4\history\mailbox\1356998497.turkish' to 'C:\Users\nguem\AppData\Roaming\MetaQuotes\Terminal\ADB94438A57B9692806EA638441107AB\history\mailbox\1356998497.turkish'
0	08:46:02.800	Migration: copied from 'C:\Program Files (x86)\Dukascopy MetaTrader 4\history\mailbox\1356998498.uzbek' to 'C:\Users\nguem\AppData\Roaming\MetaQuotes\Terminal\ADB94438A57B9692806EA638441107AB\history\mailbox\1356998498.uzbek'
0	08:46:02.816	Migration: copied from 'C:\Program Files (x86)\Dukascopy MetaTrader 4\history\mailbox\1356998499.vietnamese' to 'C:\Users\nguem\AppData\Roaming\MetaQuotes\Terminal\ADB94438A57B9692806EA638441107AB\history\mailbox\1356998499.vietnamese'
0	08:46:02.816	Migration: copied from 'C:\Program Files (x86)\Dukascopy MetaTrader 4\history\mailbox\1356998500.arabic' to 'C:\Users\nguem\AppData\Roaming\MetaQuotes\Terminal\ADB94438A57B9692806EA638441107AB\history\mailbox\1356998500.arabic'
0	08:46:02.816	Migration: copied from 'C:\Program Files (x86)\Dukascopy MetaTrader 4\history\mailbox\1356998501.bulgarian' to 'C:\Users\nguem\AppData\Roaming\MetaQuotes\Terminal\ADB94438A57B9692806EA638441107AB\history\mailbox\1356998501.bulgarian'
0	08:46:02.816	Migration: copied from 'C:\Program Files (x86)\Dukascopy MetaTrader 4\history\mailbox\1356998502.chinese (simplified)' to 'C:\Users\nguem\AppData\Roaming\MetaQuotes\Terminal\ADB94438A57B9692806EA638441107AB\history\mailbox\1356998502.chinese (simplified)'
0	08:46:02.832	Migration: copied from 'C:\Program Files (x86)\Dukascopy MetaTrader 4\history\mailbox\1356998503.chinese (traditional)' to 'C:\Users\nguem\AppData\Roaming\MetaQuotes\Terminal\ADB94438A57B9692806EA638441107AB\history\mailbox\1356998503.chinese (traditional)'
0	08:46:02.832	Migration: copied from 'C:\Program Files (x86)\Dukascopy MetaTrader 4\history\mailbox\1356998504.czech' to 'C:\Users\nguem\AppData\Roaming\MetaQuotes\Terminal\ADB94438A57B9692806EA638441107AB\history\mailbox\1356998504.czech'
0	08:46:02.832	Migration: copied from 'C:\Program Files (x86)\Dukascopy MetaTrader 4\history\mailbox\1356998505.english' to 'C:\Users\nguem\AppData\Roaming\MetaQuotes\Terminal\ADB94438A57B9692806EA638441107AB\history\mailbox\1356998505.english'
0	08:46:02.832	Migration: copied from 'C:\Program Files (x86)\Dukascopy MetaTrader 4\history\mailbox\1356998506.french' to 'C:\Users\nguem\AppData\Roaming\MetaQuotes\Terminal\ADB94438A57B9692806EA638441107AB\history\mailbox\1356998506.french'
0	08:46:02.832	Migration: copied from 'C:\Program Files (x86)\Dukascopy MetaTrader 4\history\mailbox\1356998507.german' to 'C:\Users\nguem\AppData\Roaming\MetaQuotes\Terminal\ADB94438A57B9692806EA638441107AB\history\mailbox\1356998507.german'
0	08:46:02.847	Migration: copied from 'C:\Program Files (x86)\Dukascopy MetaTrader 4\history\mailbox\1356998508.greek' to 'C:\Users\nguem\AppData\Roaming\MetaQuotes\Terminal\ADB94438A57B9692806EA638441107AB\history\mailbox\1356998508.greek'
0	08:46:02.847	Migration: copied from 'C:\Program Files (x86)\Dukascopy MetaTrader 4\history\mailbox\1356998509.hebrew' to 'C:\Users\nguem\AppData\Roaming\MetaQuotes\Terminal\ADB94438A57B9692806EA638441107AB\history\mailbox\1356998509.hebrew'
0	08:46:02.847	Migration: copied from 'C:\Program Files (x86)\Dukascopy MetaTrader 4\history\mailbox\1356998510.hungarian' to 'C:\Users\nguem\AppData\Roaming\MetaQuotes\Terminal\ADB94438A57B9692806EA638441107AB\history\mailbox\1356998510.hungarian'
0	08:46:02.847	Migration: copied from 'C:\Program Files (x86)\Dukascopy MetaTrader 4\history\mailbox\1356998511.indonesian' to 'C:\Users\nguem\AppData\Roaming\MetaQuotes\Terminal\ADB94438A57B9692806EA638441107AB\history\mailbox\1356998511.indonesian'
0	08:46:02.863	Migration: copied from 'C:\Program Files (x86)\Dukascopy MetaTrader 4\history\mailbox\1356998512.italian' to 'C:\Users\nguem\AppData\Roaming\MetaQuotes\Terminal\ADB94438A57B9692806EA638441107AB\history\mailbox\1356998512.italian'
0	08:46:02.864	Migration: copied from 'C:\Program Files (x86)\Dukascopy MetaTrader 4\history\mailbox\1356998513.japanese' to 'C:\Users\nguem\AppData\Roaming\MetaQuotes\Terminal\ADB94438A57B9692806EA638441107AB\history\mailbox\1356998513.japanese'
0	08:46:02.864	Migration: copied from 'C:\Program Files (x86)\Dukascopy MetaTrader 4\history\mailbox\1356998514.malay' to 'C:\Users\nguem\AppData\Roaming\MetaQuotes\Terminal\ADB94438A57B9692806EA638441107AB\history\mailbox\1356998514.malay'
0	08:46:02.864	Migration: copied from 'C:\Program Files (x86)\Dukascopy MetaTrader 4\history\mailbox\1356998515.polish' to 'C:\Users\nguem\AppData\Roaming\MetaQuotes\Terminal\ADB94438A57B9692806EA638441107AB\history\mailbox\1356998515.polish'
0	08:46:02.864	Migration: copied from 'C:\Program Files (x86)\Dukascopy MetaTrader 4\history\mailbox\1356998516.portuguese' to 'C:\Users\nguem\AppData\Roaming\MetaQuotes\Terminal\ADB94438A57B9692806EA638441107AB\history\mailbox\1356998516.portuguese'
0	08:46:02.879	Migration: copied from 'C:\Program Files (x86)\Dukascopy MetaTrader 4\history\mailbox\1356998517.russian' to 'C:\Users\nguem\AppData\Roaming\MetaQuotes\Terminal\ADB94438A57B9692806EA638441107AB\history\mailbox\1356998517.russian'
0	08:46:02.883	Migration: copied from 'C:\Program Files (x86)\Dukascopy MetaTrader 4\history\mailbox\1356998518.slovenian' to 'C:\Users\nguem\AppData\Roaming\MetaQuotes\Terminal\ADB94438A57B9692806EA638441107AB\history\mailbox\1356998518.slovenian'
0	08:46:02.883	Migration: copied from 'C:\Program Files (x86)\Dukascopy MetaTrader 4\history\mailbox\1356998519.spanish' to 'C:\Users\nguem\AppData\Roaming\MetaQuotes\Terminal\ADB94438A57B9692806EA638441107AB\history\mailbox\1356998519.spanish'
0	08:46:02.883	Migration: copied from 'C:\Program Files (x86)\Dukascopy MetaTrader 4\history\mailbox\1356998520.tajik' to 'C:\Users\nguem\AppData\Roaming\MetaQuotes\Terminal\ADB94438A57B9692806EA638441107AB\history\mailbox\1356998520.tajik'
0	08:46:02.883	Migration: copied from 'C:\Program Files (x86)\Dukascopy MetaTrader 4\history\mailbox\1356998521.thai' to 'C:\Users\nguem\AppData\Roaming\MetaQuotes\Terminal\ADB94438A57B9692806EA638441107AB\history\mailbox\1356998521.thai'
0	08:46:02.895	Migration: copied from 'C:\Program Files (x86)\Dukascopy MetaTrader 4\history\mailbox\1356998522.turkish' to 'C:\Users\nguem\AppData\Roaming\MetaQuotes\Terminal\ADB94438A57B9692806EA638441107AB\history\mailbox\1356998522.turkish'
0	08:46:02.895	Migration: copied from 'C:\Program Files (x86)\Dukascopy MetaTrader 4\history\mailbox\1356998523.uzbek' to 'C:\Users\nguem\AppData\Roaming\MetaQuotes\Terminal\ADB94438A57B9692806EA638441107AB\history\mailbox\1356998523.uzbek'
0	08:46:02.895	Migration: copied from 'C:\Program Files (x86)\Dukascopy MetaTrader 4\history\mailbox\1356998524.vietnamese' to 'C:\Users\nguem\AppData\Roaming\MetaQuotes\Terminal\ADB94438A57B9692806EA638441107AB\history\mailbox\1356998524.vietnamese'
0	08:46:02.895	Migration: copied from 'C:\Program Files (x86)\Dukascopy MetaTrader 4\history\mailbox\1356998525.arabic' to 'C:\Users\nguem\AppData\Roaming\MetaQuotes\Terminal\ADB94438A57B9692806EA638441107AB\history\mailbox\1356998525.arabic'
0	08:46:02.911	Migration: copied from 'C:\Program Files (x86)\Dukascopy MetaTrader 4\history\mailbox\1356998526.bulgarian' to 'C:\Users\nguem\AppData\Roaming\MetaQuotes\Terminal\ADB94438A57B9692806EA638441107AB\history\mailbox\1356998526.bulgarian'
0	08:46:02.911	Migration: copied from 'C:\Program Files (x86)\Dukascopy MetaTrader 4\history\mailbox\1356998527.chinese (simplified)' to 'C:\Users\nguem\AppData\Roaming\MetaQuotes\Terminal\ADB94438A57B9692806EA638441107AB\history\mailbox\1356998527.chinese (simplified)'
0	08:46:02.911	Migration: copied from 'C:\Program Files (x86)\Dukascopy MetaTrader 4\history\mailbox\1356998528.chinese (traditional)' to 'C:\Users\nguem\AppData\Roaming\MetaQuotes\Terminal\ADB94438A57B9692806EA638441107AB\history\mailbox\1356998528.chinese (traditional)'
0	08:46:02.911	Migration: copied from 'C:\Program Files (x86)\Dukascopy MetaTrader 4\history\mailbox\1356998529.czech' to 'C:\Users\nguem\AppData\Roaming\MetaQuotes\Terminal\ADB94438A57B9692806EA638441107AB\history\mailbox\1356998529.czech'
0	08:46:02.911	Migration: copied from 'C:\Program Files (x86)\Dukascopy MetaTrader 4\history\mailbox\1356998530.english' to 'C:\Users\nguem\AppData\Roaming\MetaQuotes\Terminal\ADB94438A57B9692806EA638441107AB\history\mailbox\1356998530.english'
0	08:46:02.926	Migration: copied from 'C:\Program Files (x86)\Dukascopy MetaTrader 4\history\mailbox\1356998531.french' to 'C:\Users\nguem\AppData\Roaming\MetaQuotes\Terminal\ADB94438A57B9692806EA638441107AB\history\mailbox\1356998531.french'
0	08:46:02.926	Migration: copied from 'C:\Program Files (x86)\Dukascopy MetaTrader 4\history\mailbox\1356998532.german' to 'C:\Users\nguem\AppData\Roaming\MetaQuotes\Terminal\ADB94438A57B9692806EA638441107AB\history\mailbox\1356998532.german'
0	08:46:02.926	Migration: copied from 'C:\Program Files (x86)\Dukascopy MetaTrader 4\history\mailbox\1356998533.greek' to 'C:\Users\nguem\AppData\Roaming\MetaQuotes\Terminal\ADB94438A57B9692806EA638441107AB\history\mailbox\1356998533.greek'
0	08:46:02.926	Migration: copied from 'C:\Program Files (x86)\Dukascopy MetaTrader 4\history\mailbox\1356998534.hebrew' to 'C:\Users\nguem\AppData\Roaming\MetaQuotes\Terminal\ADB94438A57B9692806EA638441107AB\history\mailbox\1356998534.hebrew'
0	08:46:02.942	Migration: copied from 'C:\Program Files (x86)\Dukascopy MetaTrader 4\history\mailbox\1356998534.hungarian' to 'C:\Users\nguem\AppData\Roaming\MetaQuotes\Terminal\ADB94438A57B9692806EA638441107AB\history\mailbox\1356998534.hungarian'
0	08:46:02.945	Migration: copied from 'C:\Program Files (x86)\Dukascopy MetaTrader 4\history\mailbox\1356998535.italian' to 'C:\Users\nguem\AppData\Roaming\MetaQuotes\Terminal\ADB94438A57B9692806EA638441107AB\history\mailbox\1356998535.italian'
0	08:46:02.945	Migration: copied from 'C:\Program Files (x86)\Dukascopy MetaTrader 4\history\mailbox\1356998536.indonesian' to 'C:\Users\nguem\AppData\Roaming\MetaQuotes\Terminal\ADB94438A57B9692806EA638441107AB\history\mailbox\1356998536.indonesian'
0	08:46:02.945	Migration: copied from 'C:\Program Files (x86)\Dukascopy MetaTrader 4\history\mailbox\1356998536.japanese' to 'C:\Users\nguem\AppData\Roaming\MetaQuotes\Terminal\ADB94438A57B9692806EA638441107AB\history\mailbox\1356998536.japanese'
0	08:46:02.945	Migration: copied from 'C:\Program Files (x86)\Dukascopy MetaTrader 4\history\mailbox\1356998537.malay' to 'C:\Users\nguem\AppData\Roaming\MetaQuotes\Terminal\ADB94438A57B9692806EA638441107AB\history\mailbox\1356998537.malay'
0	08:46:02.958	Migration: copied from 'C:\Program Files (x86)\Dukascopy MetaTrader 4\history\mailbox\1356998538.polish' to 'C:\Users\nguem\AppData\Roaming\MetaQuotes\Terminal\ADB94438A57B9692806EA638441107AB\history\mailbox\1356998538.polish'
0	08:46:02.958	Migration: copied from 'C:\Program Files (x86)\Dukascopy MetaTrader 4\history\mailbox\1356998539.portuguese' to 'C:\Users\nguem\AppData\Roaming\MetaQuotes\Terminal\ADB94438A57B9692806EA638441107AB\history\mailbox\1356998539.portuguese'
0	08:46:02.965	Migration: copied from 'C:\Program Files (x86)\Dukascopy MetaTrader 4\history\mailbox\1356998540.russian' to 'C:\Users\nguem\AppData\Roaming\MetaQuotes\Terminal\ADB94438A57B9692806EA638441107AB\history\mailbox\1356998540.russian'
0	08:46:02.970	Migration: copied from 'C:\Program Files (x86)\Dukascopy MetaTrader 4\history\mailbox\1356998541.slovenian' to 'C:\Users\nguem\AppData\Roaming\MetaQuotes\Terminal\ADB94438A57B9692806EA638441107AB\history\mailbox\1356998541.slovenian'
0	08:46:02.970	Migration: copied from 'C:\Program Files (x86)\Dukascopy MetaTrader 4\history\mailbox\1356998542.spanish' to 'C:\Users\nguem\AppData\Roaming\MetaQuotes\Terminal\ADB94438A57B9692806EA638441107AB\history\mailbox\1356998542.spanish'
0	08:46:02.974	Migration: copied from 'C:\Program Files (x86)\Dukascopy MetaTrader 4\history\mailbox\1356998543.tajik' to 'C:\Users\nguem\AppData\Roaming\MetaQuotes\Terminal\ADB94438A57B9692806EA638441107AB\history\mailbox\1356998543.tajik'
0	08:46:02.974	Migration: copied from 'C:\Program Files (x86)\Dukascopy MetaTrader 4\history\mailbox\1356998544.thai' to 'C:\Users\nguem\AppData\Roaming\MetaQuotes\Terminal\ADB94438A57B9692806EA638441107AB\history\mailbox\1356998544.thai'
0	08:46:02.974	Migration: copied from 'C:\Program Files (x86)\Dukascopy MetaTrader 4\history\mailbox\1356998545.turkish' to 'C:\Users\nguem\AppData\Roaming\MetaQuotes\Terminal\ADB94438A57B9692806EA638441107AB\history\mailbox\1356998545.turkish'
0	08:46:02.974	Migration: copied from 'C:\Program Files (x86)\Dukascopy MetaTrader 4\history\mailbox\1356998546.uzbek' to 'C:\Users\nguem\AppData\Roaming\MetaQuotes\Terminal\ADB94438A57B9692806EA638441107AB\history\mailbox\1356998546.uzbek'
0	08:46:02.990	Migration: copied from 'C:\Program Files (x86)\Dukascopy MetaTrader 4\history\mailbox\1356998547.vietnamese' to 'C:\Users\nguem\AppData\Roaming\MetaQuotes\Terminal\ADB94438A57B9692806EA638441107AB\history\mailbox\1356998547.vietnamese'
0	08:46:02.990	Migration: mailbox folder copied from 'C:\Program Files (x86)\Dukascopy MetaTrader 4' to 'C:\Users\nguem\AppData\Roaming\MetaQuotes\Terminal\ADB94438A57B9692806EA638441107AB'
0	08:46:02.990	Migration: copied from 'C:\Program Files (x86)\Dukascopy MetaTrader 4\profiles\British Pound\chart01.CHR' to 'C:\Users\nguem\AppData\Roaming\MetaQuotes\Terminal\ADB94438A57B9692806EA638441107AB\profiles\British Pound\chart01.CHR'
0	08:46:03.005	Migration: copied from 'C:\Program Files (x86)\Dukascopy MetaTrader 4\profiles\British Pound\chart02.CHR' to 'C:\Users\nguem\AppData\Roaming\MetaQuotes\Terminal\ADB94438A57B9692806EA638441107AB\profiles\British Pound\chart02.CHR'
0	08:46:03.005	Migration: copied from 'C:\Program Files (x86)\Dukascopy MetaTrader 4\profiles\British Pound\chart03.CHR' to 'C:\Users\nguem\AppData\Roaming\MetaQuotes\Terminal\ADB94438A57B9692806EA638441107AB\profiles\British Pound\chart03.CHR'
0	08:46:03.005	Migration: copied from 'C:\Program Files (x86)\Dukascopy MetaTrader 4\profiles\British Pound\order.wnd' to 'C:\Users\nguem\AppData\Roaming\MetaQuotes\Terminal\ADB94438A57B9692806EA638441107AB\profiles\British Pound\order.wnd'
0	08:46:03.005	Migration: copied from 'C:\Program Files (x86)\Dukascopy MetaTrader 4\profiles\default\chart01.CHR' to 'C:\Users\nguem\AppData\Roaming\MetaQuotes\Terminal\ADB94438A57B9692806EA638441107AB\profiles\default\chart01.CHR'
0	08:46:03.021	Migration: copied from 'C:\Program Files (x86)\Dukascopy MetaTrader 4\profiles\default\chart02.CHR' to 'C:\Users\nguem\AppData\Roaming\MetaQuotes\Terminal\ADB94438A57B9692806EA638441107AB\profiles\default\chart02.CHR'
0	08:46:03.021	Migration: copied from 'C:\Program Files (x86)\Dukascopy MetaTrader 4\profiles\default\chart03.CHR' to 'C:\Users\nguem\AppData\Roaming\MetaQuotes\Terminal\ADB94438A57B9692806EA638441107AB\profiles\default\chart03.CHR'
0	08:46:03.021	Migration: copied from 'C:\Program Files (x86)\Dukascopy MetaTrader 4\profiles\default\chart04.CHR' to 'C:\Users\nguem\AppData\Roaming\MetaQuotes\Terminal\ADB94438A57B9692806EA638441107AB\profiles\default\chart04.CHR'
0	08:46:03.021	Migration: copied from 'C:\Program Files (x86)\Dukascopy MetaTrader 4\profiles\default\order.wnd' to 'C:\Users\nguem\AppData\Roaming\MetaQuotes\Terminal\ADB94438A57B9692806EA638441107AB\profiles\default\order.wnd'
0	08:46:03.037	Migration: copied from 'C:\Program Files (x86)\Dukascopy MetaTrader 4\profiles\Euro\chart01.CHR' to 'C:\Users\nguem\AppData\Roaming\MetaQuotes\Terminal\ADB94438A57B9692806EA638441107AB\profiles\Euro\chart01.CHR'
0	08:46:03.037	Migration: copied from 'C:\Program Files (x86)\Dukascopy MetaTrader 4\profiles\Euro\chart02.CHR' to 'C:\Users\nguem\AppData\Roaming\MetaQuotes\Terminal\ADB94438A57B9692806EA638441107AB\profiles\Euro\chart02.CHR'
0	08:46:03.037	Migration: copied from 'C:\Program Files (x86)\Dukascopy MetaTrader 4\profiles\Euro\chart03.CHR' to 'C:\Users\nguem\AppData\Roaming\MetaQuotes\Terminal\ADB94438A57B9692806EA638441107AB\profiles\Euro\chart03.CHR'
0	08:46:03.037	Migration: copied from 'C:\Program Files (x86)\Dukascopy MetaTrader 4\profiles\Euro\order.wnd' to 'C:\Users\nguem\AppData\Roaming\MetaQuotes\Terminal\ADB94438A57B9692806EA638441107AB\profiles\Euro\order.wnd'
0	08:46:03.037	Migration: copied from 'C:\Program Files (x86)\Dukascopy MetaTrader 4\profiles\lastprofile.ini' to 'C:\Users\nguem\AppData\Roaming\MetaQuotes\Terminal\ADB94438A57B9692806EA638441107AB\profiles\lastprofile.ini'
0	08:46:03.052	Migration: copied from 'C:\Program Files (x86)\Dukascopy MetaTrader 4\profiles\Market Overview\chart01.CHR' to 'C:\Users\nguem\AppData\Roaming\MetaQuotes\Terminal\ADB94438A57B9692806EA638441107AB\profiles\Market Overview\chart01.CHR'
0	08:46:03.052	Migration: copied from 'C:\Program Files (x86)\Dukascopy MetaTrader 4\profiles\Market Overview\chart02.CHR' to 'C:\Users\nguem\AppData\Roaming\MetaQuotes\Terminal\ADB94438A57B9692806EA638441107AB\profiles\Market Overview\chart02.CHR'
0	08:46:03.052	Migration: copied from 'C:\Program Files (x86)\Dukascopy MetaTrader 4\profiles\Market Overview\chart03.CHR' to 'C:\Users\nguem\AppData\Roaming\MetaQuotes\Terminal\ADB94438A57B9692806EA638441107AB\profiles\Market Overview\chart03.CHR'
0	08:46:03.065	Migration: copied from 'C:\Program Files (x86)\Dukascopy MetaTrader 4\profiles\Market Overview\chart04.CHR' to 'C:\Users\nguem\AppData\Roaming\MetaQuotes\Terminal\ADB94438A57B9692806EA638441107AB\profiles\Market Overview\chart04.CHR'
0	08:46:03.068	Migration: copied from 'C:\Program Files (x86)\Dukascopy MetaTrader 4\profiles\Market Overview\order.wnd' to 'C:\Users\nguem\AppData\Roaming\MetaQuotes\Terminal\ADB94438A57B9692806EA638441107AB\profiles\Market Overview\order.wnd'
0	08:46:03.068	Migration: copied from 'C:\Program Files (x86)\Dukascopy MetaTrader 4\profiles\Swiss Franc\chart01.CHR' to 'C:\Users\nguem\AppData\Roaming\MetaQuotes\Terminal\ADB94438A57B9692806EA638441107AB\profiles\Swiss Franc\chart01.CHR'
0	08:46:03.068	Migration: copied from 'C:\Program Files (x86)\Dukascopy MetaTrader 4\profiles\Swiss Franc\chart02.CHR' to 'C:\Users\nguem\AppData\Roaming\MetaQuotes\Terminal\ADB94438A57B9692806EA638441107AB\profiles\Swiss Franc\chart02.CHR'
0	08:46:03.068	Migration: copied from 'C:\Program Files (x86)\Dukascopy MetaTrader 4\profiles\Swiss Franc\chart03.CHR' to 'C:\Users\nguem\AppData\Roaming\MetaQuotes\Terminal\ADB94438A57B9692806EA638441107AB\profiles\Swiss Franc\chart03.CHR'
0	08:46:03.084	Migration: copied from 'C:\Program Files (x86)\Dukascopy MetaTrader 4\profiles\Swiss Franc\order.wnd' to 'C:\Users\nguem\AppData\Roaming\MetaQuotes\Terminal\ADB94438A57B9692806EA638441107AB\profiles\Swiss Franc\order.wnd'
0	08:46:03.084	Migration: profiles folder copied from 'C:\Program Files (x86)\Dukascopy MetaTrader 4' to 'C:\Users\nguem\AppData\Roaming\MetaQuotes\Terminal\ADB94438A57B9692806EA638441107AB'
0	08:46:03.084	Migration: copied from 'C:\Program Files (x86)\Dukascopy MetaTrader 4\templates\ADX.tpl' to 'C:\Users\nguem\AppData\Roaming\MetaQuotes\Terminal\ADB94438A57B9692806EA638441107AB\templates\ADX.tpl'
0	08:46:03.084	Migration: copied from 'C:\Program Files (x86)\Dukascopy MetaTrader 4\templates\BollingerBands.tpl' to 'C:\Users\nguem\AppData\Roaming\MetaQuotes\Terminal\ADB94438A57B9692806EA638441107AB\templates\BollingerBands.tpl'
0	08:46:03.084	Migration: copied from 'C:\Program Files (x86)\Dukascopy MetaTrader 4\templates\Layers.tpl' to 'C:\Users\nguem\AppData\Roaming\MetaQuotes\Terminal\ADB94438A57B9692806EA638441107AB\templates\Layers.tpl'
0	08:46:03.100	Migration: copied from 'C:\Program Files (x86)\Dukascopy MetaTrader 4\templates\Momentum.tpl' to 'C:\Users\nguem\AppData\Roaming\MetaQuotes\Terminal\ADB94438A57B9692806EA638441107AB\templates\Momentum.tpl'
0	08:46:03.100	Migration: copied from 'C:\Program Files (x86)\Dukascopy MetaTrader 4\templates\OptimizationReport.htm' to 'C:\Users\nguem\AppData\Roaming\MetaQuotes\Terminal\ADB94438A57B9692806EA638441107AB\templates\OptimizationReport.htm'
0	08:46:03.100	Migration: copied from 'C:\Program Files (x86)\Dukascopy MetaTrader 4\templates\Popular.tpl' to 'C:\Users\nguem\AppData\Roaming\MetaQuotes\Terminal\ADB94438A57B9692806EA638441107AB\templates\Popular.tpl'
0	08:46:03.100	Migration: copied from 'C:\Program Files (x86)\Dukascopy MetaTrader 4\templates\statement.htm' to 'C:\Users\nguem\AppData\Roaming\MetaQuotes\Terminal\ADB94438A57B9692806EA638441107AB\templates\statement.htm'
0	08:46:03.100	Migration: copied from 'C:\Program Files (x86)\Dukascopy MetaTrader 4\templates\StatementDetailed.htm' to 'C:\Users\nguem\AppData\Roaming\MetaQuotes\Terminal\ADB94438A57B9692806EA638441107AB\templates\StatementDetailed.htm'
0	08:46:03.115	Migration: copied from 'C:\Program Files (x86)\Dukascopy MetaTrader 4\templates\strategytester.htm' to 'C:\Users\nguem\AppData\Roaming\MetaQuotes\Terminal\ADB94438A57B9692806EA638441107AB\templates\strategytester.htm'
0	08:46:03.115	Migration: copied from 'C:\Program Files (x86)\Dukascopy MetaTrader 4\templates\Volume.tpl' to 'C:\Users\nguem\AppData\Roaming\MetaQuotes\Terminal\ADB94438A57B9692806EA638441107AB\templates\Volume.tpl'
0	08:46:03.115	Migration: copied from 'C:\Program Files (x86)\Dukascopy MetaTrader 4\templates\Williams.tpl' to 'C:\Users\nguem\AppData\Roaming\MetaQuotes\Terminal\ADB94438A57B9692806EA638441107AB\templates\Williams.tpl'
0	08:46:03.115	Migration: templates folder copied from 'C:\Program Files (x86)\Dukascopy MetaTrader 4' to 'C:\Users\nguem\AppData\Roaming\MetaQuotes\Terminal\ADB94438A57B9692806EA638441107AB'
0	08:46:03.162	Migration: data to 'C:\Users\nguem\AppData\Roaming\MetaQuotes\Terminal\ADB94438A57B9692806EA638441107AB' migration started
0	08:46:03.165	Migration: data migration finished, no virtual folder
0	08:46:03.165	LiveUpdate: update C:\Users\nguem\AppData\Roaming\MetaQuotes\Terminal\ADB94438A57B9692806EA638441107AB\MQL4 folder started
0	08:46:03.794	LiveUpdate: update C:\Users\nguem\AppData\Roaming\MetaQuotes\Terminal\ADB94438A57B9692806EA638441107AB\MQL4 folder finished
0	08:46:04.628	Dukascopy MetaTrader 4 build 1415 started (Dukascopy Bank SA)
0	08:46:04.628	Windows 10 Home x64, UAC, 12 x Intel Core i5-10500H  @ 2.50GHz, Memory: 4691 / 16146 Mb, Disk: 77 / 237 Gb, GMT-5
0	08:46:04.628	Data Folder: C:\Users\nguem\AppData\Roaming\MetaQuotes\Terminal\ADB94438A57B9692806EA638441107AB
0	08:46:09.915	Sources recompilation started
0	08:46:44.485	Sources recompilation finished (28 compiled in 34562 msec)
0	09:34:54.770	Dukascopy MetaTrader 4 build 1415 stopped
0	13:39:16.854	Dukascopy MetaTrader 4 build 1415 started (Dukascopy Bank SA)
0	13:39:16.854	Windows 10 Home x64, UAC, 12 x Intel Core i5-10500H  @ 2.50GHz, Memory: 3656 / 16146 Mb, Disk: 73 / 237 Gb, GMT-5
0	13:39:16.854	Data Folder: C:\Users\nguem\AppData\Roaming\MetaQuotes\Terminal\ADB94438A57B9692806EA638441107AB
2	15:45:30.455	Expert test0 USDCHF,H1: loaded successfully
2	15:45:33.971	Expert test0 USDCHF,H1: removed
2	15:46:03.284	Expert test0 USDJPY,H4: loaded successfully
2	15:46:36.883	Expert test0 USDJPY,H4: removed
2	15:46:36.962	Expert test0 USDJPY,H4: loaded successfully
2	15:47:41.051	Expert test0 USDJPY,H4: removed
2	15:47:41.198	Expert test0 USDJPY,H4: loaded successfully
2	15:47:53.292	Expert test0 USDJPY,H4: removed
2	15:47:53.372	Expert test0 USDJPY,H4: loaded successfully
2	16:32:46.582	Expert test0 USDJPY,H4: removed
0	16:32:47.740	Dukascopy MetaTrader 4 build 1415 stopped
