2	00:06:36.463	Expert TradeExpertPro EURUSD,H1: removed
2	00:06:36.526	Expert TradeExpertPro\TradeExpertPro EURUSD,H1: loaded successfully
2	00:06:46.361	Expert TradeExpertPro EURUSD,H1: removed
2	00:06:54.463	Expert TradeExpertPro\TradeExpertPro EURUSD,H1: loaded successfully
2	00:11:14.894	Expert TradeExpertPro EURUSD,H1: removed
2	00:11:19.495	Expert TradeExpertPro\TradeExpertPro EURUSD,H1: loaded successfully
2	00:24:43.881	Expert TradeExpertPro EURUSD,H1: removed
2	00:24:43.913	Expert TradeExpertPro\TradeExpertPro EURUSD,H1: loaded successfully
2	00:28:18.731	Expert TradeExpertPro EURUSD,H1: removed
2	00:29:02.019	Expert TradeExpertPro\TradeExpertPro EURUSD,H1: loaded successfully
2	00:29:15.746	Expert TradeExpertPro EURUSD,H1: removed
2	00:29:22.068	Expert TradeExpertPro\TradeExpertPro EURUSD,H1: loaded successfully
2	00:32:06.920	Expert TradeExpertPro EURUSD,H1: removed
2	00:33:30.943	Expert TradeExpertPro\TradeExpertPro EURUSD,H1: loaded successfully
2	00:33:45.619	Expert TradeExpertPro EURUSD,H1: removed
2	00:33:48.354	Expert TradeExpertPro\TradeExpertPro EURUSD,H1: loaded successfully
2	00:35:46.572	Expert TradeExpertPro EURUSD,H1: removed
2	00:35:46.603	Expert TradeExpertPro\TradeExpertPro EURUSD,H1: loaded successfully
2	00:36:34.078	Expert TradeExpertPro EURUSD,H1: removed
2	00:36:34.125	Expert TradeExpertPro\TradeExpertPro EURUSD,H1: loaded successfully
2	00:38:25.336	Expert TradeExpertPro EURUSD,H1: removed
2	00:38:25.367	Expert TradeExpertPro\TradeExpertPro EURUSD,H1: loaded successfully
2	00:39:27.135	Expert TradeExpertPro EURUSD,H1: removed
2	00:39:27.166	Expert TradeExpertPro\TradeExpertPro EURUSD,H1: loaded successfully
2	00:47:14.740	Expert TradeExpertPro EURUSD,H1: removed
2	00:47:14.780	Expert TradeExpertPro\TradeExpertPro EURUSD,H1: loaded successfully
2	00:50:26.466	Expert TradeExpertPro EURUSD,H1: removed
2	00:50:26.498	Expert TradeExpertPro\TradeExpertPro EURUSD,H1: loaded successfully
2	00:55:41.084	Expert TradeExpertPro EURUSD,H1: removed
2	00:55:41.114	Expert TradeExpertPro\TradeExpertPro EURUSD,H1: loaded successfully
2	00:56:49.397	Expert TradeExpertPro EURUSD,H1: removed
2	00:56:49.476	Expert TradeExpertPro\TradeExpertPro EURUSD,H1: loaded successfully
2	00:57:07.329	Expert TradeExpertPro EURUSD,H1: removed
2	00:57:07.384	Expert TradeExpertPro\TradeExpertPro EURUSD,H1: loaded successfully
2	01:09:47.678	Expert TradeExpertPro EURUSD,H1: removed
2	01:09:47.709	Expert TradeExpertPro\TradeExpertPro EURUSD,H1: loaded successfully
2	01:26:58.658	Expert TradeExpertPro EURUSD,H1: removed
2	01:26:58.688	Expert TradeExpertPro\TradeExpertPro EURUSD,H1: loaded successfully
2	01:32:06.456	Expert TradeExpertPro EURUSD,H1: removed
2	01:32:06.471	Expert TradeExpertPro\TradeExpertPro EURUSD,H1: loaded successfully
2	01:45:18.470	Expert TradeExpertPro EURUSD,H1: removed
2	01:45:18.517	Expert TradeExpertPro\TradeExpertPro EURUSD,H1: loaded successfully
2	01:52:50.019	Expert TradeExpertPro EURUSD,H1: removed
2	01:52:50.054	Expert TradeExpertPro\TradeExpertPro EURUSD,H1: loaded successfully
2	01:54:14.778	Custom indicator ZigZag_Pointer EURUSD,H1: removed
2	01:55:32.248	Expert TradeExpertPro EURUSD,H1: removed
2	01:55:32.281	Expert TradeExpertPro\TradeExpertPro EURUSD,H1: loaded successfully
2	01:58:12.590	Expert TradeExpertPro EURUSD,H1: removed
2	01:58:12.627	Expert TradeExpertPro\TradeExpertPro EURUSD,H1: loaded successfully
2	01:58:44.624	Expert TradeExpertPro EURUSD,H1: removed
2	01:58:44.639	Expert TradeExpertPro\TradeExpertPro EURUSD,H1: loaded successfully
2	02:01:07.953	Expert TradeExpertPro EURUSD,H1: removed
2	02:01:07.988	Expert TradeExpertPro\TradeExpertPro EURUSD,H1: loaded successfully
2	02:19:22.640	Expert TradeExpertPro EURUSD,H1: removed
2	02:19:22.670	Expert TradeExpertPro\TradeExpertPro EURUSD,H1: loaded successfully
2	02:25:54.898	Expert TradeExpertPro EURUSD,H1: removed
2	02:25:54.933	Expert TradeExpertPro\TradeExpertPro EURUSD,H1: loaded successfully
2	02:27:45.674	Expert TradeExpertPro EURUSD,H1: removed
2	02:27:45.704	Expert TradeExpertPro\TradeExpertPro EURUSD,H1: loaded successfully
2	02:27:58.587	Expert TradeExpertPro EURUSD,H1: removed
2	02:27:58.618	Expert TradeExpertPro\TradeExpertPro EURUSD,H1: loaded successfully
2	02:28:30.743	Expert TradeExpertPro\TradeExpertPro EURUSD,H1: loaded successfully
2	02:29:03.556	Expert TradeExpertPro EURUSD,H1: removed
2	02:30:24.108	Expert TradeExpertPro\TradeExpertPro EURUSD,H1: loaded successfully
0	02:30:57.982	'3462709': order buy market 0.10 EURUSD sl: 1.05675 tp: 1.06375
1	02:30:58.111	'3462709': order buy 0.10 EURUSD opening at market sl: 1.05675 tp: 1.06375 failed [Invalid S/L or T/P]
0	02:30:58.111	'3462709': order buy market 0.10 EURUSD sl: 1.05675 tp: 1.06375
1	02:30:58.230	'3462709': order buy 0.10 EURUSD opening at market sl: 1.05675 tp: 1.06375 failed [Invalid S/L or T/P]
0	02:31:11.376	'3462709': order buy market 0.10 EURUSD sl: 1.05670 tp: 1.06370
1	02:31:11.469	'3462709': order buy 0.10 EURUSD opening at market sl: 1.05670 tp: 1.06370 failed [Invalid S/L or T/P]
0	02:31:37.668	'3462709': order buy market 0.10 GBPUSD sl: 1.23548 tp: 1.25048
1	02:31:37.778	'3462709': order buy 0.10 GBPUSD opening at market sl: 1.23548 tp: 1.25048 failed [Invalid S/L or T/P]
0	02:31:39.487	'3462709': order buy market 0.10 GBPUSD sl: 1.23546 tp: 1.25046
1	02:31:39.582	'3462709': order buy 0.10 GBPUSD opening at market sl: 1.23546 tp: 1.25046 failed [Invalid S/L or T/P]
0	02:31:51.241	'3462709': pending order buy stop 0.10 GBPUSD at 1.23849 sl: 1.23549 tp: 1.24249
0	02:31:51.371	'3462709': order was opened : #295353087 buy stop 0.10 GBPUSD at 1.23849 sl: 1.23549 tp: 1.24249
0	02:32:02.484	'3462709': pending order buy stop 0.10 GBPUSD at 1.23848 sl: 1.23548 tp: 1.24648
0	02:32:02.703	'3462709': order was opened : #295353102 buy stop 0.10 GBPUSD at 1.23848 sl: 1.23548 tp: 1.24648
0	02:32:02.937	'3462709': pending order buy limit 0.10 USDCHF at 0.98912 sl: 0.98515 tp: 1.00102
0	02:32:03.063	'3462709': order was opened : #295353103 buy limit 0.10 USDCHF at 0.98912 sl: 0.98515 tp: 1.00102
0	02:32:25.122	'3462709': pending order buy limit 0.10 USDCHF at 0.98907 sl: 0.98510 tp: 1.00494
0	02:32:25.278	'3462709': order was opened : #295353108 buy limit 0.10 USDCHF at 0.98907 sl: 0.98510 tp: 1.00494
0	02:32:25.513	'3462709': pending order sell stop 0.10 USDCHF at 0.98888 sl: 0.99285 tp: 0.96904
0	02:32:25.653	'3462709': order was opened : #295353109 sell stop 0.10 USDCHF at 0.98888 sl: 0.99285 tp: 0.96904
0	02:32:47.529	'3462709': pending order sell stop 0.10 USDCAD at 1.29734 sl: 1.30254 tp: 1.26613
0	02:32:47.655	'3462709': order was opened : #295353114 sell stop 0.10 USDCAD at 1.29734 sl: 1.30254 tp: 1.26613
0	02:32:47.889	'3462709': order buy market 0.10 USDCAD sl: 1.29962 tp: 1.31392
0	02:32:47.998	'3462709': order was opened : #295353115 buy 0.10 USDCAD at 1.30052 sl: 1.29962 tp: 1.31392
0	02:33:09.875	'3462709': order buy market 0.10 USDCAD sl: 1.29969 tp: 1.31399
1	02:33:10.000	'3462709': order buy 0.10 USDCAD opening at market sl: 1.29969 tp: 1.31399 failed [Off quotes]
0	02:33:10.000	'3462709': order buy market 0.10 USDCHF sl: 0.99195 tp: 1.01080
1	02:33:10.125	'3462709': order buy 0.10 USDCHF opening at market sl: 0.99195 tp: 1.01080 failed [Invalid S/L or T/P]
0	02:33:10.125	'3462709': order buy market 0.10 USDCHF sl: 0.99195 tp: 1.01080
1	02:33:10.250	'3462709': order buy 0.10 USDCHF opening at market sl: 0.99195 tp: 1.01080 failed [Invalid S/L or T/P]
0	02:33:10.250	'3462709': order buy market 0.10 USDCHF sl: 0.99195 tp: 1.01080
1	02:33:10.375	'3462709': order buy 0.10 USDCHF opening at market sl: 0.99195 tp: 1.01080 failed [Invalid S/L or T/P]
0	02:33:10.375	'3462709': order buy market 0.10 USDCHF sl: 0.99195 tp: 1.01080
1	02:33:10.468	'3462709': order buy 0.10 USDCHF opening at market sl: 0.99195 tp: 1.01080 failed [Invalid S/L or T/P]
0	02:33:10.468	'3462709': order buy market 0.10 USDCHF sl: 0.99195 tp: 1.01080
1	02:33:10.578	'3462709': order buy 0.10 USDCHF opening at market sl: 0.99195 tp: 1.01080 failed [Invalid S/L or T/P]
0	02:33:10.578	'3462709': order buy market 0.10 USDCHF sl: 0.99195 tp: 1.01080
1	02:33:10.687	'3462709': order buy 0.10 USDCHF opening at market sl: 0.99195 tp: 1.01080 failed [Invalid S/L or T/P]
0	02:33:10.687	'3462709': order buy market 0.10 USDCHF sl: 0.99195 tp: 1.01080
1	02:33:10.781	'3462709': order buy 0.10 USDCHF opening at market sl: 0.99195 tp: 1.01080 failed [Invalid S/L or T/P]
0	02:33:10.781	'3462709': order buy market 0.10 USDCHF sl: 0.99195 tp: 1.01080
1	02:33:10.906	'3462709': order buy 0.10 USDCHF opening at market sl: 0.99195 tp: 1.01080 failed [Invalid S/L or T/P]
0	02:34:49.970	'3462709': close order #295353115 buy 0.10 USDCAD at 1.30052 sl: 1.29962 tp: 1.31392 at price 0.00000
0	02:34:49.999	'3462709': close order #295353115 buy 0.10 USDCAD at 1.30052 sl: 1.29962 tp: 1.31392 at price 0.00000
1	02:34:50.136	'3462709': order #295353115 buy 0.10 USDCAD closing at 0.00000 failed [Too many requests]
0	02:34:50.136	'3462709': order #295353115 buy 0.10 USDCAD at 1.30052 sl: 1.29962 tp: 1.31392 closed at price 1.30058
2	02:52:46.559	Expert TradeExpertPro EURUSD,H1: removed
2	02:52:46.589	Expert TradeExpertPro\TradeExpertPro EURUSD,H1: loaded successfully
2	02:52:46.599	Expert TradeExpertPro EURUSD,H1: removed
2	02:52:46.629	Expert TradeExpertPro\TradeExpertPro EURUSD,H1: loaded successfully
2	02:55:09.102	Expert TradeExpertPro EURUSD,H1: removed
2	02:55:09.136	Expert TradeExpertPro\TradeExpertPro EURUSD,H1: loaded successfully
2	02:55:09.149	Expert TradeExpertPro EURUSD,H1: removed
2	02:55:09.174	Expert TradeExpertPro\TradeExpertPro EURUSD,H1: loaded successfully
2	02:58:13.161	Expert TradeExpertPro EURUSD,H1: removed
2	02:58:13.181	Expert TradeExpertPro\TradeExpertPro EURUSD,H1: loaded successfully
2	02:58:13.197	Expert TradeExpertPro EURUSD,H1: removed
2	02:58:13.223	Expert TradeExpertPro\TradeExpertPro EURUSD,H1: loaded successfully
2	03:05:46.990	Expert TradeExpertPro EURUSD,H1: removed
2	03:05:47.015	Expert TradeExpertPro\TradeExpertPro EURUSD,H1: loaded successfully
2	03:05:47.125	Expert TradeExpertPro EURUSD,H1: removed
2	03:05:47.156	Expert TradeExpertPro\TradeExpertPro EURUSD,H1: loaded successfully
2	04:02:11.539	Expert TradeExpertPro EURUSD,H1: removed
2	04:02:11.609	Expert TradeExpertPro\TradeExpertPro EURUSD,H1: loaded successfully
2	04:02:11.626	Expert TradeExpertPro EURUSD,H1: removed
2	04:02:11.649	Expert TradeExpertPro\TradeExpertPro EURUSD,H1: loaded successfully
2	04:04:11.049	Expert TradeExpertPro EURUSD,H1: removed
2	04:04:11.118	Expert TradeExpertPro\TradeExpertPro EURUSD,H1: loaded successfully
2	04:04:11.128	Expert TradeExpertPro EURUSD,H1: removed
2	04:04:11.158	Expert TradeExpertPro\TradeExpertPro EURUSD,H1: loaded successfully
2	04:04:49.556	Expert TradeExpertPro EURUSD,H1: removed
2	04:04:49.580	Expert TradeExpertPro\TradeExpertPro EURUSD,H1: loaded successfully
2	04:04:49.660	Expert TradeExpertPro EURUSD,H1: removed
2	04:04:49.684	Expert TradeExpertPro\TradeExpertPro EURUSD,H1: loaded successfully
2	04:27:42.899	Expert TradeExpertPro EURUSD,H1: removed
2	04:27:42.954	Expert TradeExpertPro\TradeExpertPro EURUSD,H1: loaded successfully
2	04:27:42.964	Expert TradeExpertPro EURUSD,H1: removed
2	04:27:42.999	Expert TradeExpertPro\TradeExpertPro EURUSD,H1: loaded successfully
2	04:27:46.650	Expert TradeExpertPro EURUSD,H1: removed
2	04:27:46.650	Expert TradeExpertPro EURUSD,H1: removed
2	04:27:57.904	Expert TradeExpertPro\TradeExpertPro EURUSD,H1: loaded successfully
2	04:28:07.622	Expert TradeExpertPro EURUSD,H1: removed
2	04:28:55.890	Expert TradeExpertPro\TradeExpertPro EURUSD,H1: loaded successfully
2	04:29:08.846	Expert TradeExpertPro EURUSD,H1: removed
2	04:30:15.930	Expert TradeExpertPro\TradeExpertPro EURUSD,H1: loaded successfully
2	04:37:42.362	Expert TradeExpertPro EURUSD,H1: removed
2	04:37:42.392	Expert TradeExpertPro\TradeExpertPro EURUSD,H1: loaded successfully
0	04:41:25.602	'3462709': close order #295318682 sell 0.10 CADJPY at 100.022 sl: 100.543 tp: 98.458 at price 0.000
0	04:41:25.727	'3462709': order #295318682 sell 0.10 CADJPY at 100.022 sl: 100.543 tp: 98.458 closed at price 100.020
2	04:45:15.661	Expert TradeExpertPro EURUSD,H1: removed
2	04:45:15.692	Expert TradeExpertPro\TradeExpertPro EURUSD,H1: loaded successfully
2	04:51:59.391	Expert TradeExpertPro EURUSD,H1: removed
2	04:51:59.424	Expert TradeExpertPro\TradeExpertPro EURUSD,H1: loaded successfully
2	05:09:53.066	Expert TradeExpertPro EURUSD,H1: removed
2	05:09:53.113	Expert TradeExpertPro\TradeExpertPro EURUSD,H1: loaded successfully
2	05:47:06.489	Expert TradeExpertPro EURUSD,H1: removed
2	05:47:06.541	Expert TradeExpertPro\TradeExpertPro EURUSD,H1: loaded successfully
2	05:58:22.844	Expert TradeExpertPro EURUSD,H1: removed
2	05:58:22.873	Expert TradeExpertPro\TradeExpertPro EURUSD,H1: loaded successfully
2	06:00:04.336	Expert TradeExpertPro EURUSD,H1: removed
2	06:00:04.367	Expert TradeExpertPro\TradeExpertPro EURUSD,H1: loaded successfully
2	06:00:55.516	Expert TradeExpertPro EURUSD,H1: removed
2	06:01:09.814	Expert TradeExpertPro\TradeExpertPro AUDUSD,H1: loaded successfully
1	11:47:37.550	'3462709': ping failed
0	11:47:37.800	'3462709': login on OANDA-Demo-1 through Main 0 (ping: 34.19 ms)
0	11:47:38.130	'3462709': previous successful authorization performed from 98.115.132.129
0	11:47:49.410	'3462709': ping to current access point Main 0 is 30.85 ms
2	11:48:27.169	Expert TradeExpertPro AUDUSD,H1: removed
2	11:48:27.200	Expert TradeExpertPro\TradeExpertPro AUDUSD,H1: loaded successfully
2	11:49:38.735	Expert TradeExpertPro AUDUSD,H1: removed
2	11:49:42.313	Expert TradeExpertPro\TradeExpertPro AUDUSD,H1: loaded successfully
2	12:06:31.948	Expert TradeExpertPro AUDUSD,H1: removed
2	12:06:31.988	Expert TradeExpertPro\TradeExpertPro AUDUSD,H1: loaded successfully
2	12:08:30.374	Expert TradeExpertPro AUDUSD,H1: removed
2	12:08:30.405	Expert TradeExpertPro\TradeExpertPro AUDUSD,H1: loaded successfully
2	12:09:00.925	Expert TradeExpertPro\TradeExpertPro EURUSD,H1: loaded successfully
2	12:20:07.361	Expert TradeExpertPro EURUSD,H1: removed
2	12:20:07.397	Expert TradeExpertPro\TradeExpertPro EURUSD,H1: loaded successfully
2	12:20:07.406	Expert TradeExpertPro AUDUSD,H1: removed
2	12:20:07.437	Expert TradeExpertPro\TradeExpertPro AUDUSD,H1: loaded successfully
2	12:24:37.091	Expert TradeExpertPro EURUSD,H1: removed
2	12:24:37.119	Expert TradeExpertPro\TradeExpertPro EURUSD,H1: loaded successfully
2	12:24:38.199	Expert TradeExpertPro AUDUSD,H1: removed
2	12:24:38.229	Expert TradeExpertPro\TradeExpertPro AUDUSD,H1: loaded successfully
2	12:25:52.187	Expert TradeExpertPro EURUSD,H1: removed
2	12:25:54.417	Expert TradeExpertPro\TradeExpertPro EURUSD,H1: loaded successfully
2	12:26:05.487	Expert TradeExpertPro EURUSD,H1: removed
2	12:38:13.823	Expert TradeExpertPro\TradeExpertPro EURUSD,H1: loaded successfully
2	12:41:30.419	Expert TradeExpertPro EURUSD,H1: removed
2	12:43:14.578	Custom indicator Triggerlines EURUSD,H1: loaded successfully
2	12:43:14.587	Custom indicator ZigZag_Pointer EURUSD,H1: loaded successfully
2	12:43:14.608	Custom indicator TrendExpert EURUSD,H1: loaded successfully
2	12:43:14.621	Custom indicator forex__news_market_clock_2 EURUSD,H1: loaded successfully
2	12:43:14.631	Custom indicator Forex_News_Filter EURUSD,H1: loaded successfully
2	12:44:39.471	Custom indicator ATR EURUSD,H1: loaded successfully
2	12:46:59.659	Expert TradeExpertPro AUDUSD,H1: removed
2	12:46:59.688	Expert TradeExpertPro\TradeExpertPro AUDUSD,H1: loaded successfully
2	12:47:05.167	Expert TradeExpertPro AUDUSD,H1: removed
2	12:47:23.035	Custom indicator Triggerlines EURUSD,H1: removed
2	12:47:23.036	Custom indicator ZigZag_Pointer EURUSD,H1: removed
2	12:47:23.039	Custom indicator TrendExpert EURUSD,H1: removed
2	12:47:23.041	Custom indicator forex__news_market_clock_2 EURUSD,H1: removed
2	12:47:23.042	Custom indicator Forex_News_Filter EURUSD,H1: removed
2	12:47:23.043	Custom indicator ATR EURUSD,H1: removed
0	12:47:25.963	Automated trading disabled
0	12:47:29.927	Automated trading enabled
2	12:47:38.738	Expert TradeExpertPro\TradeExpertPro AUDUSD,H1: loaded successfully
2	12:47:48.449	Expert TradeExpertPro AUDUSD,H1: removed
2	12:47:50.811	Expert TradeExpertPro\TradeExpertPro AUDUSD,H1: loaded successfully
2	12:49:40.433	Expert TradeExpertPro AUDUSD,H1: removed
2	12:49:40.464	Expert TradeExpertPro\TradeExpertPro AUDUSD,H1: loaded successfully
2	12:50:37.414	Expert TradeExpertPro AUDUSD,H1: removed
2	12:50:43.643	Expert TradeExpertPro\TradeExpertPro EURJPY,H1: loaded successfully
2	12:52:38.633	Expert TradeExpertPro EURJPY,H1: removed
2	12:52:38.660	Expert TradeExpertPro\TradeExpertPro EURJPY,H1: loaded successfully
2	12:53:01.421	Expert TradeExpertPro EURJPY,H1: removed
2	12:53:04.174	Expert TradeExpertPro\TradeExpertPro EURJPY,H1: loaded successfully
2	12:54:01.731	Expert TradeExpertPro EURJPY,H1: removed
2	12:54:01.760	Expert TradeExpertPro\TradeExpertPro EURJPY,H1: loaded successfully
2	12:56:46.946	Expert TradeExpertPro EURJPY,H1: removed
2	12:56:46.973	Expert TradeExpertPro\TradeExpertPro EURJPY,H1: loaded successfully
0	12:57:32.986	Sources recompilation started
2	13:02:24.036	Expert TradeExpertPro EURJPY,H1: removed
2	13:02:24.065	Expert TradeExpertPro\TradeExpertPro EURJPY,H1: loaded successfully
2	13:03:16.270	Expert TradeExpertPro EURJPY,H1: removed
2	13:03:24.062	Custom indicator Momentum EURJPY,H1: loaded successfully
2	13:03:26.640	Custom indicator Momentum EURJPY,H1: removed
2	13:03:28.689	Custom indicator MACD EURJPY,H1: loaded successfully
2	13:03:45.609	Expert TradeExpertPro\TradeExpertPro EURJPY,H1: loaded successfully
2	13:05:53.198	Expert TradeExpertPro EURJPY,H1: removed
2	13:05:53.226	Expert TradeExpertPro\TradeExpertPro EURJPY,H1: loaded successfully
2	13:07:16.599	Expert TradeExpertPro EURJPY,H1: removed
2	13:07:16.628	Expert TradeExpertPro\TradeExpertPro EURJPY,H1: loaded successfully
2	13:07:58.777	Expert TradeExpertPro EURJPY,H1: removed
2	13:08:04.845	Expert TradeExpertPro\TradeExpertPro EURJPY,H1: loaded successfully
2	13:09:01.388	Expert TradeExpertPro EURJPY,H1: removed
2	13:09:01.392	Custom indicator MACD EURJPY,H1: removed
0	13:09:08.535	OANDA - MT4 build 1355 started (OANDA Corporation)
0	13:09:08.535	Windows 10 Home x64, IE 11, UAC, 12 x Intel Core i5-10500H  @ 2.50GHz, Memory: 2024 / 8013 Mb, Disk: 81 / 217 Gb, GMT-5
0	13:09:08.535	Data Folder: C:\Users\nguem\AppData\Roaming\MetaQuotes\Terminal\3212703ED955F10C7534BE8497B221F4
2	13:09:11.810	Custom indicator MACD EURJPY,H1: loaded successfully
2	13:09:11.839	Expert TradeExpertPro\TradeExpertPro EURJPY,H1: loaded successfully
0	13:09:12.382	'3462709': login on OANDA-Demo-1 through Main 0 (ping: 30.85 ms)
0	13:09:12.773	'3462709': previous successful authorization performed from 98.115.132.129
0	13:09:25.256	'3462709': ping to current access point Main 0 is 31.98 ms
2	13:11:27.121	Expert TradeExpertPro EURJPY,H1: removed
2	13:11:27.149	Expert TradeExpertPro\TradeExpertPro EURJPY,H1: loaded successfully
2	13:15:45.809	Expert TradeExpertPro EURJPY,H1: removed
2	13:15:45.837	Expert TradeExpertPro\TradeExpertPro EURJPY,H1: loaded successfully
2	13:16:24.782	Expert TradeExpertPro EURJPY,H1: removed
2	13:16:29.379	Expert TradeExpertPro\TradeExpertPro EURJPY,H1: loaded successfully
2	13:25:43.248	Expert TradeExpertPro EURJPY,H1: removed
2	13:25:43.278	Expert TradeExpertPro\TradeExpertPro EURJPY,H1: loaded successfully
2	13:27:23.298	Expert TradeExpertPro EURJPY,H1: removed
2	13:27:23.327	Expert TradeExpertPro\TradeExpertPro EURJPY,H1: loaded successfully
2	13:30:39.207	Expert TradeExpertPro EURJPY,H1: removed
2	13:30:39.232	Expert TradeExpertPro\TradeExpertPro EURJPY,H1: loaded successfully
2	13:35:13.613	Expert TradeExpertPro EURJPY,H1: removed
2	13:35:13.633	Expert TradeExpertPro\TradeExpertPro EURJPY,H1: loaded successfully
2	13:35:55.134	Custom indicator MACD EURJPY,H1: removed
2	13:47:36.273	Expert TradeExpertPro EURJPY,H1: removed
2	13:47:36.304	Expert TradeExpertPro\TradeExpertPro EURJPY,H1: loaded successfully
2	14:00:41.069	Expert TradeExpertPro EURJPY,H1: removed
0	16:29:40.839	OANDA - MT4 build 1355 started (OANDA Corporation)
0	16:29:40.839	Windows 10 Home x64, IE 11, UAC, 12 x Intel Core i5-10500H  @ 2.50GHz, Memory: 1537 / 8013 Mb, Disk: 84 / 217 Gb, GMT-5
0	16:29:40.839	Data Folder: C:\Users\nguem\AppData\Roaming\MetaQuotes\Terminal\3212703ED955F10C7534BE8497B221F4
0	16:29:43.418	Sources recompilation started
0	16:29:44.621	Sources recompilation finished (1 compiled in 1266 msec)
2	16:29:45.355	Expert TradeExpertPro\TradeExpertPro EURJPY,H1: loaded successfully
2	16:29:45.762	Expert TestDoEasyPart22 EURUSD,Daily: loaded successfully
0	16:29:45.996	'3462709': login on OANDA-Demo-1 through Main 0 (ping: 31.98 ms)
0	16:29:46.418	'3462709': previous successful authorization performed from 98.115.132.129
2	16:29:48.058	Expert TestDoEasyPart22 EURUSD,Daily: removed
0	16:29:58.657	'3462709': ping to current access point Main 0 is 32.25 ms
2	16:30:24.408	Expert TradeExpertPro EURJPY,H1: removed
2	16:30:35.504	Expert TestDoEasyPart22 EURJPY,H1: loaded successfully
0	16:30:52.800	'3462709': order buy market 0.10 EURJPY sl: 137.260 tp: 137.360
0	16:30:52.971	'3462709': order was opened : #295399603 buy 0.10 EURJPY at 137.331 sl: 137.260 tp: 137.360
0	16:35:52.444	'3462709': order buy market 0.10 EURJPY sl: 137.280 tp: 137.380
1	16:35:52.565	'3462709': order buy 0.10 EURJPY opening at market sl: 137.280 tp: 137.380 failed [Off quotes]
0	16:36:01.476	'3462709': pending order buy stop 0.10 EURJPY at 137.397 sl: 137.347 tp: 137.447
0	16:36:01.598	'3462709': order was opened : #295399652 buy stop 0.10 EURJPY at 137.397 sl: 137.347 tp: 137.447
0	16:38:16.539	'3462709': order #295399603 buy 0.10 EURJPY at 137.331 closed due take-profit at price 137.360
0	16:39:17.809	'3462709': order sell market 0.10 EURJPY sl: 137.431 tp: 137.331
0	16:39:17.932	'3462709': order was opened : #295399693 sell 0.10 EURJPY at 137.363 sl: 137.431 tp: 137.331
2	17:13:54.356	Expert TestDoEasyPart22 EURJPY,H1: removed
2	17:13:54.434	Expert TestDoEasyPart22 EURJPY,H1: loaded successfully
2	17:20:05.431	Expert TestDoEasyPart22 EURJPY,H1: removed
2	17:20:05.478	Expert TestDoEasyPart22 EURJPY,H1: loaded successfully
2	17:31:12.723	Expert TestDoEasyPart22 EURJPY,H1: removed
2	17:31:12.785	Expert TestDoEasyPart22 EURJPY,H1: loaded successfully
2	17:31:50.603	Expert TestDoEasyPart22 EURJPY,H1: removed
2	17:31:50.682	Expert TestDoEasyPart22 EURJPY,H1: loaded successfully
2	17:32:29.091	Expert TestDoEasyPart22 EURJPY,H1: removed
2	17:32:29.169	Expert TestDoEasyPart22 EURJPY,H1: loaded successfully
2	17:34:06.765	Expert TestDoEasyPart22 EURJPY,H1: removed
2	17:34:06.827	Expert TestDoEasyPart22 EURJPY,H1: loaded successfully
2	17:34:22.313	Expert TestDoEasyPart22 EURJPY,H1: removed
2	17:34:22.375	Expert TestDoEasyPart22 EURJPY,H1: loaded successfully
0	17:34:37.172	'3462709': order buy market 0.10 EURJPY sl: 137.060 tp: 137.496
0	17:34:37.328	'3462709': order was opened : #295408849 buy 0.10 EURJPY at 137.387 sl: 137.060 tp: 137.496
2	17:39:21.861	Expert TestDoEasyPart22 EURJPY,H1: removed
2	17:39:21.923	Expert TestDoEasyPart22 EURJPY,H1: loaded successfully
2	18:06:47.289	Expert TestDoEasyPart22 EURJPY,H1: removed
2	18:06:47.352	Expert TestDoEasyPart22 EURJPY,H1: loaded successfully
2	18:07:27.186	Expert TestDoEasyPart22 EURJPY,H1: removed
2	18:07:27.264	Expert TestDoEasyPart22 EURJPY,H1: loaded successfully
2	18:07:54.086	Expert TestDoEasyPart22 EURJPY,H1: removed
2	18:07:54.148	Expert TestDoEasyPart22 EURJPY,H1: loaded successfully
2	18:08:49.003	Expert TestDoEasyPart22 EURJPY,H1: removed
2	18:08:49.050	Expert TestDoEasyPart22 EURJPY,H1: loaded successfully
2	18:10:12.365	Expert TestDoEasyPart22 EURJPY,H1: removed
2	18:10:12.427	Expert TestDoEasyPart22 EURJPY,H1: loaded successfully
2	18:14:21.026	Expert TestDoEasyPart22 EURJPY,H1: removed
2	18:14:21.088	Expert TestDoEasyPart22 EURJPY,H1: loaded successfully
2	18:15:17.382	Expert TestDoEasyPart22 EURJPY,H1: removed
2	18:15:17.445	Expert TestDoEasyPart22 EURJPY,H1: loaded successfully
2	18:29:06.009	Expert TestDoEasyPart22 EURJPY,H1: removed
2	18:29:06.087	Expert TestDoEasyPart22 EURJPY,H1: loaded successfully
2	18:29:33.024	Expert TestDoEasyPart22 EURJPY,H1: removed
2	19:27:45.125	Expert TestDoEasyPart22 EURJPY,H1: loaded successfully
2	19:28:04.959	Expert TestDoEasyPart22 EURJPY,H1: removed
2	19:28:17.287	Expert TestDoEasyPart22 EURJPY,H1: loaded successfully
2	19:28:33.880	Expert TestDoEasyPart22 EURJPY,H1: removed
2	19:28:38.630	Expert TestDoEasyPart22 EURJPY,H1: loaded successfully
2	19:30:19.062	Expert TestDoEasyPart22 EURJPY,H1: removed
2	19:33:35.426	Expert TestDoEasyPart22 EURJPY,H1: loaded successfully
2	19:33:48.114	Expert TestDoEasyPart22 EURJPY,H1: removed
2	19:37:35.219	Expert TestDoEasyPart22 EURJPY,H1: loaded successfully
2	19:37:42.810	Expert TestDoEasyPart22 EURJPY,H1: removed
2	19:37:48.059	Expert TestDoEasyPart22 EURJPY,H1: loaded successfully
2	19:37:58.284	Expert TestDoEasyPart22 EURJPY,H1: removed
2	19:38:00.284	Expert TestDoEasyPart22 EURJPY,H1: loaded successfully
2	19:39:07.834	Expert TestDoEasyPart22 EURJPY,H1: removed
2	19:39:43.760	Expert TestDoEasyPart22 EURJPY,H1: loaded successfully
2	19:40:42.119	Expert TestDoEasyPart22 EURJPY,H1: removed
2	19:43:02.483	Expert TestDoEasyPart22 EURJPY,H1: loaded successfully
2	19:43:21.288	Expert TestDoEasyPart22 EURJPY,H1: removed
2	19:43:26.663	Expert TestDoEasyPart22 EURJPY,H1: loaded successfully
2	19:45:27.289	Expert TestDoEasyPart22 EURJPY,H1: removed
2	19:50:26.651	Expert TestDoEasyPart22 EURJPY,H1: loaded successfully
2	19:50:35.130	Expert TestDoEasyPart22 EURJPY,H1: removed
2	19:51:39.288	Expert TestDoEasyPart22 EURJPY,H1: loaded successfully
2	19:52:30.504	Expert TestDoEasyPart22 EURJPY,H1: removed
2	19:53:33.554	Expert TestDoEasyPart22 EURJPY,H1: loaded successfully
2	19:53:45.851	Expert TestDoEasyPart22 EURJPY,H1: removed
2	19:53:48.429	Expert TestDoEasyPart22 EURJPY,H1: loaded successfully
2	19:53:56.118	Expert TestDoEasyPart22 EURJPY,H1: removed
2	19:56:12.044	Expert TestDoEasyPart22 EURJPY,H1: loaded successfully
2	19:56:29.107	Expert TestDoEasyPart22 EURJPY,H1: removed
2	19:56:32.170	Expert TestDoEasyPart22 EURJPY,H1: loaded successfully
2	19:56:51.167	Expert TestDoEasyPart22 EURJPY,H1: removed
2	19:58:06.312	Expert TestDoEasyPart22 EURJPY,H1: loaded successfully
2	19:58:16.082	Expert TestDoEasyPart22 EURJPY,H1: removed
2	19:58:43.020	Expert TestDoEasyPart22 EURJPY,H1: loaded successfully
2	19:58:50.879	Expert TestDoEasyPart22 EURJPY,H1: removed
2	19:59:03.819	Expert TestDoEasyPart22 EURJPY,H1: loaded successfully
2	19:59:15.013	Expert TestDoEasyPart22 EURJPY,H1: removed
2	19:59:35.363	Expert TestDoEasyPart22 EURJPY,H1: loaded successfully
2	20:01:26.580	Expert TestDoEasyPart22 EURJPY,H1: removed
2	20:11:40.632	Expert TestDoEasyPart22 EURJPY,H1: loaded successfully
2	20:11:48.617	Expert TestDoEasyPart22 EURJPY,H1: removed
2	20:11:50.857	Expert TestDoEasyPart22 EURJPY,H1: loaded successfully
2	20:11:57.592	Expert TestDoEasyPart22 EURJPY,H1: removed
2	20:13:14.526	Expert TestDoEasyPart22 EURJPY,H1: loaded successfully
2	20:13:27.227	Expert TestDoEasyPart22 EURJPY,H1: removed
2	20:14:16.190	Expert TestDoEasyPart22 EURJPY,H1: loaded successfully
2	20:14:22.176	Expert TestDoEasyPart22 EURJPY,H1: removed
0	20:15:56.067	OANDA - MT4 build 1355 started (OANDA Corporation)
0	20:15:56.068	Windows 10 Home x64, IE 11, UAC, 12 x Intel Core i5-10500H  @ 2.50GHz, Memory: 986 / 8013 Mb, Disk: 84 / 217 Gb, GMT-5
0	20:15:56.068	Data Folder: C:\Users\nguem\AppData\Roaming\MetaQuotes\Terminal\3212703ED955F10C7534BE8497B221F4
0	20:15:58.989	Sources recompilation started
0	20:16:00.581	Sources recompilation finished (1 compiled in 1594 msec)
0	20:16:01.819	'3462709': login on OANDA-Demo-1 through Main 0 (ping: 32.25 ms)
0	20:16:02.254	'3462709': previous successful authorization performed from 98.115.132.129
2	20:16:12.369	Expert TestDoEasyPart22 EURJPY,H1: loaded successfully
0	20:16:13.695	'3462709': auto connecting to a better access point Main 2 (ping is 31.37 ms)
0	20:16:13.944	'3462709': login on OANDA-Demo-1 through Main 2 (ping: 31.37 ms)
0	20:16:14.290	'3462709': previous successful authorization performed from 98.115.132.129
2	20:16:28.495	Expert TestDoEasyPart22 EURJPY,H1: removed
2	20:18:04.542	Expert TestDoEasyPart22 EURJPY,H1: loaded successfully
2	20:18:15.171	Expert TestDoEasyPart22 EURJPY,H1: removed
0	20:18:25.722	OANDA - MT4 build 1355 started (OANDA Corporation)
0	20:18:25.723	Windows 10 Home x64, IE 11, UAC, 12 x Intel Core i5-10500H  @ 2.50GHz, Memory: 1617 / 8013 Mb, Disk: 84 / 217 Gb, GMT-5
0	20:18:25.723	Data Folder: C:\Users\nguem\AppData\Roaming\MetaQuotes\Terminal\3212703ED955F10C7534BE8497B221F4
0	20:18:28.416	'3462709': login on OANDA-Demo-1 through Main 2 (ping: 31.37 ms)
0	20:18:28.851	'3462709': previous successful authorization performed from 98.115.132.129
2	20:18:33.836	Expert TestDoEasyPart22 EURJPY,H1: loaded successfully
2	20:18:50.168	Expert TestDoEasyPart22 EURJPY,H1: removed
2	20:19:01.044	Expert TestDoEasyPart22 EURUSD,Daily: loaded successfully
2	20:19:30.567	Expert TestDoEasyPart22 EURUSD,Daily: removed
2	20:19:38.015	Expert TestDoEasyPart22 EURJPY,H1: loaded successfully
2	20:22:51.912	Expert TestDoEasyPart22 EURJPY,H1: removed
2	20:22:51.977	Expert TestDoEasyPart22 EURJPY,H1: loaded successfully
2	20:26:44.971	Expert TestDoEasyPart22 EURJPY,H1: removed
2	20:26:45.035	Expert TestDoEasyPart22 EURJPY,H1: loaded successfully
2	20:26:59.523	Expert TestDoEasyPart22 EURJPY,H1: removed
2	20:27:14.509	Expert TestDoEasyPart22 EURJPY,H1: loaded successfully
2	20:32:25.613	Expert TestDoEasyPart22 EURJPY,H1: removed
2	20:32:25.694	Expert TestDoEasyPart22 EURJPY,H1: loaded successfully
2	20:38:22.630	Expert TestDoEasyPart22 EURJPY,H1: removed
2	20:38:22.708	Expert TestDoEasyPart22 EURJPY,H1: loaded successfully
2	20:46:42.903	Expert TestDoEasyPart22 EURJPY,H1: removed
2	20:46:42.981	Expert TestDoEasyPart22 EURJPY,H1: loaded successfully
2	20:48:37.537	Expert TestDoEasyPart22 EURJPY,H1: removed
2	20:48:37.615	Expert TestDoEasyPart22 EURJPY,H1: loaded successfully
2	20:54:11.476	Expert TestDoEasyPart22 EURJPY,H1: removed
2	20:54:16.664	Expert TestDoEasyPart22 EURJPY,H1: loaded successfully
2	20:57:41.173	Expert TestDoEasyPart22 EURJPY,H1: removed
2	20:58:06.430	Expert TestDoEasyPart22 EURJPY,H1: loaded successfully
2	21:51:23.377	Expert TestDoEasyPart22 EURJPY,H1: removed
2	21:51:23.471	Expert TestDoEasyPart22 EURJPY,H1: loaded successfully
2	21:51:38.388	Expert TestDoEasyPart22 EURJPY,H1: removed
2	21:51:38.447	Expert TestDoEasyPart22 EURJPY,H1: loaded successfully
2	21:52:01.787	Expert TestDoEasyPart22 EURJPY,H1: removed
2	21:52:01.849	Expert TestDoEasyPart22 EURJPY,H1: loaded successfully
2	21:52:40.724	Expert TestDoEasyPart22 EURJPY,H1: removed
2	21:52:40.802	Expert TestDoEasyPart22 EURJPY,H1: loaded successfully
2	21:53:37.910	Expert TestDoEasyPart22 EURJPY,H1: removed
2	21:53:37.988	Expert TestDoEasyPart22 EURJPY,H1: loaded successfully
2	21:55:33.485	Expert TestDoEasyPart22 EURJPY,H1: removed
2	21:55:33.565	Expert TestDoEasyPart22 EURJPY,H1: loaded successfully
2	21:56:12.756	Expert TestDoEasyPart22 EURJPY,H1: removed
