0	23:02:38.791	Migration: copied from 'C:\Program Files (x86)\OANDA - MetaTrader\config\terminal.ini' to 'C:\Users\nguem\AppData\Roaming\MetaQuotes\Terminal\3212703ED955F10C7534BE8497B221F4\config\terminal.ini'
0	23:02:38.794	Migration: copied from 'C:\Program Files (x86)\OANDA - MetaTrader\config\OANDA-Japan FX Live.srv' to 'C:\Users\nguem\AppData\Roaming\MetaQuotes\Terminal\3212703ED955F10C7534BE8497B221F4\config\OANDA-Japan FX Live.srv'
0	23:02:38.796	Migration: copied from 'C:\Program Files (x86)\OANDA - MetaTrader\config\OANDA-v20 Live-1.srv' to 'C:\Users\nguem\AppData\Roaming\MetaQuotes\Terminal\3212703ED955F10C7534BE8497B221F4\config\OANDA-v20 Live-1.srv'
0	23:02:38.797	Migration: copied from 'C:\Program Files (x86)\OANDA - MetaTrader\config\OANDA-v20 Live-2.srv' to 'C:\Users\nguem\AppData\Roaming\MetaQuotes\Terminal\3212703ED955F10C7534BE8497B221F4\config\OANDA-v20 Live-2.srv'
0	23:02:38.798	Migration: copied from 'C:\Program Files (x86)\OANDA - MetaTrader\config\OANDA-v20 Live-3.srv' to 'C:\Users\nguem\AppData\Roaming\MetaQuotes\Terminal\3212703ED955F10C7534BE8497B221F4\config\OANDA-v20 Live-3.srv'
0	23:02:38.799	Migration: copied from 'C:\Program Files (x86)\OANDA - MetaTrader\config\OANDA-v20 Live-4.srv' to 'C:\Users\nguem\AppData\Roaming\MetaQuotes\Terminal\3212703ED955F10C7534BE8497B221F4\config\OANDA-v20 Live-4.srv'
0	23:02:38.799	Migration: copied from 'C:\Program Files (x86)\OANDA - MetaTrader\config\OANDA-v20 Practice-1.srv' to 'C:\Users\nguem\AppData\Roaming\MetaQuotes\Terminal\3212703ED955F10C7534BE8497B221F4\config\OANDA-v20 Practice-1.srv'
0	23:02:38.800	Migration: copied from 'C:\Program Files (x86)\OANDA - MetaTrader\config\OANDA-v20 Practice-2.srv' to 'C:\Users\nguem\AppData\Roaming\MetaQuotes\Terminal\3212703ED955F10C7534BE8497B221F4\config\OANDA-v20 Practice-2.srv'
0	23:02:38.801	Migration: copied from 'C:\Program Files (x86)\OANDA - MetaTrader\config\OANDA-v20 Practice-3.srv' to 'C:\Users\nguem\AppData\Roaming\MetaQuotes\Terminal\3212703ED955F10C7534BE8497B221F4\config\OANDA-v20 Practice-3.srv'
0	23:02:38.801	Migration: copied from 'C:\Program Files (x86)\OANDA - MetaTrader\config\OANDA-v20 Practice-4.srv' to 'C:\Users\nguem\AppData\Roaming\MetaQuotes\Terminal\3212703ED955F10C7534BE8497B221F4\config\OANDA-v20 Practice-4.srv'
0	23:02:38.801	Migration: config folder copied from 'C:\Program Files (x86)\OANDA - MetaTrader' to 'C:\Users\nguem\AppData\Roaming\MetaQuotes\Terminal\3212703ED955F10C7534BE8497B221F4'
0	23:02:38.805	Migration: copied from 'C:\Program Files (x86)\OANDA - MetaTrader\history\default\EURUSD240.hst' to 'C:\Users\nguem\AppData\Roaming\MetaQuotes\Terminal\3212703ED955F10C7534BE8497B221F4\history\default\EURUSD240.hst'
0	23:02:38.807	Migration: copied from 'C:\Program Files (x86)\OANDA - MetaTrader\history\default\GBPUSD240.hst' to 'C:\Users\nguem\AppData\Roaming\MetaQuotes\Terminal\3212703ED955F10C7534BE8497B221F4\history\default\GBPUSD240.hst'
0	23:02:38.809	Migration: copied from 'C:\Program Files (x86)\OANDA - MetaTrader\history\default\USDCHF240.hst' to 'C:\Users\nguem\AppData\Roaming\MetaQuotes\Terminal\3212703ED955F10C7534BE8497B221F4\history\default\USDCHF240.hst'
0	23:02:38.812	Migration: copied from 'C:\Program Files (x86)\OANDA - MetaTrader\history\default\USDJPY240.hst' to 'C:\Users\nguem\AppData\Roaming\MetaQuotes\Terminal\3212703ED955F10C7534BE8497B221F4\history\default\USDJPY240.hst'
0	23:02:38.814	Migration: copied from 'C:\Program Files (x86)\OANDA - MetaTrader\history\default\symbols.sel' to 'C:\Users\nguem\AppData\Roaming\MetaQuotes\Terminal\3212703ED955F10C7534BE8497B221F4\history\default\symbols.sel'
0	23:02:38.815	Migration: copied from 'C:\Program Files (x86)\OANDA - MetaTrader\history\default\symbols.raw' to 'C:\Users\nguem\AppData\Roaming\MetaQuotes\Terminal\3212703ED955F10C7534BE8497B221F4\history\default\symbols.raw'
0	23:02:38.816	Migration: copied from 'C:\Program Files (x86)\OANDA - MetaTrader\history\default\symgroups.raw' to 'C:\Users\nguem\AppData\Roaming\MetaQuotes\Terminal\3212703ED955F10C7534BE8497B221F4\history\default\symgroups.raw'
0	23:02:38.817	Migration: history folder copied from 'C:\Program Files (x86)\OANDA - MetaTrader' to 'C:\Users\nguem\AppData\Roaming\MetaQuotes\Terminal\3212703ED955F10C7534BE8497B221F4'
0	23:02:38.818	Migration: copied from 'C:\Program Files (x86)\OANDA - MetaTrader\history\default\EURUSD240.hst' to 'C:\Users\nguem\AppData\Roaming\MetaQuotes\Terminal\3212703ED955F10C7534BE8497B221F4\history\default\EURUSD240.hst'
0	23:02:38.819	Migration: copied from 'C:\Program Files (x86)\OANDA - MetaTrader\history\default\GBPUSD240.hst' to 'C:\Users\nguem\AppData\Roaming\MetaQuotes\Terminal\3212703ED955F10C7534BE8497B221F4\history\default\GBPUSD240.hst'
0	23:02:38.819	Migration: copied from 'C:\Program Files (x86)\OANDA - MetaTrader\history\default\symbols.raw' to 'C:\Users\nguem\AppData\Roaming\MetaQuotes\Terminal\3212703ED955F10C7534BE8497B221F4\history\default\symbols.raw'
0	23:02:38.820	Migration: copied from 'C:\Program Files (x86)\OANDA - MetaTrader\history\default\symbols.sel' to 'C:\Users\nguem\AppData\Roaming\MetaQuotes\Terminal\3212703ED955F10C7534BE8497B221F4\history\default\symbols.sel'
0	23:02:38.820	Migration: copied from 'C:\Program Files (x86)\OANDA - MetaTrader\history\default\symgroups.raw' to 'C:\Users\nguem\AppData\Roaming\MetaQuotes\Terminal\3212703ED955F10C7534BE8497B221F4\history\default\symgroups.raw'
0	23:02:38.821	Migration: copied from 'C:\Program Files (x86)\OANDA - MetaTrader\history\default\USDCHF240.hst' to 'C:\Users\nguem\AppData\Roaming\MetaQuotes\Terminal\3212703ED955F10C7534BE8497B221F4\history\default\USDCHF240.hst'
0	23:02:38.822	Migration: copied from 'C:\Program Files (x86)\OANDA - MetaTrader\history\default\USDJPY240.hst' to 'C:\Users\nguem\AppData\Roaming\MetaQuotes\Terminal\3212703ED955F10C7534BE8497B221F4\history\default\USDJPY240.hst'
0	23:02:38.823	Migration: copied from 'C:\Program Files (x86)\OANDA - MetaTrader\history\symbolsets\forex.set' to 'C:\Users\nguem\AppData\Roaming\MetaQuotes\Terminal\3212703ED955F10C7534BE8497B221F4\history\symbolsets\forex.set'
0	23:02:38.824	Migration: copied from 'C:\Program Files (x86)\OANDA - MetaTrader\history\symbolsets\forexall.set' to 'C:\Users\nguem\AppData\Roaming\MetaQuotes\Terminal\3212703ED955F10C7534BE8497B221F4\history\symbolsets\forexall.set'
0	23:02:38.825	Migration: copied from 'C:\Program Files (x86)\OANDA - MetaTrader\history\mailbox\1356998400.arabic' to 'C:\Users\nguem\AppData\Roaming\MetaQuotes\Terminal\3212703ED955F10C7534BE8497B221F4\history\mailbox\1356998400.arabic'
0	23:02:38.826	Migration: copied from 'C:\Program Files (x86)\OANDA - MetaTrader\history\mailbox\1356998401.bulgarian' to 'C:\Users\nguem\AppData\Roaming\MetaQuotes\Terminal\3212703ED955F10C7534BE8497B221F4\history\mailbox\1356998401.bulgarian'
0	23:02:38.827	Migration: copied from 'C:\Program Files (x86)\OANDA - MetaTrader\history\mailbox\1356998402.chinese (simplified)' to 'C:\Users\nguem\AppData\Roaming\MetaQuotes\Terminal\3212703ED955F10C7534BE8497B221F4\history\mailbox\1356998402.chinese (simplified)'
0	23:02:38.827	Migration: copied from 'C:\Program Files (x86)\OANDA - MetaTrader\history\mailbox\1356998403.chinese (traditional)' to 'C:\Users\nguem\AppData\Roaming\MetaQuotes\Terminal\3212703ED955F10C7534BE8497B221F4\history\mailbox\1356998403.chinese (traditional)'
0	23:02:38.828	Migration: copied from 'C:\Program Files (x86)\OANDA - MetaTrader\history\mailbox\1356998404.czech' to 'C:\Users\nguem\AppData\Roaming\MetaQuotes\Terminal\3212703ED955F10C7534BE8497B221F4\history\mailbox\1356998404.czech'
0	23:02:38.828	Migration: copied from 'C:\Program Files (x86)\OANDA - MetaTrader\history\mailbox\1356998405.english' to 'C:\Users\nguem\AppData\Roaming\MetaQuotes\Terminal\3212703ED955F10C7534BE8497B221F4\history\mailbox\1356998405.english'
0	23:02:38.829	Migration: copied from 'C:\Program Files (x86)\OANDA - MetaTrader\history\mailbox\1356998406.french' to 'C:\Users\nguem\AppData\Roaming\MetaQuotes\Terminal\3212703ED955F10C7534BE8497B221F4\history\mailbox\1356998406.french'
0	23:02:38.829	Migration: copied from 'C:\Program Files (x86)\OANDA - MetaTrader\history\mailbox\1356998407.german' to 'C:\Users\nguem\AppData\Roaming\MetaQuotes\Terminal\3212703ED955F10C7534BE8497B221F4\history\mailbox\1356998407.german'
0	23:02:38.830	Migration: copied from 'C:\Program Files (x86)\OANDA - MetaTrader\history\mailbox\1356998408.greek' to 'C:\Users\nguem\AppData\Roaming\MetaQuotes\Terminal\3212703ED955F10C7534BE8497B221F4\history\mailbox\1356998408.greek'
0	23:02:38.831	Migration: copied from 'C:\Program Files (x86)\OANDA - MetaTrader\history\mailbox\1356998409.hebrew' to 'C:\Users\nguem\AppData\Roaming\MetaQuotes\Terminal\3212703ED955F10C7534BE8497B221F4\history\mailbox\1356998409.hebrew'
0	23:02:38.832	Migration: copied from 'C:\Program Files (x86)\OANDA - MetaTrader\history\mailbox\1356998410.hungarian' to 'C:\Users\nguem\AppData\Roaming\MetaQuotes\Terminal\3212703ED955F10C7534BE8497B221F4\history\mailbox\1356998410.hungarian'
0	23:02:38.833	Migration: copied from 'C:\Program Files (x86)\OANDA - MetaTrader\history\mailbox\1356998411.indonesian' to 'C:\Users\nguem\AppData\Roaming\MetaQuotes\Terminal\3212703ED955F10C7534BE8497B221F4\history\mailbox\1356998411.indonesian'
0	23:02:38.833	Migration: copied from 'C:\Program Files (x86)\OANDA - MetaTrader\history\mailbox\1356998412.italian' to 'C:\Users\nguem\AppData\Roaming\MetaQuotes\Terminal\3212703ED955F10C7534BE8497B221F4\history\mailbox\1356998412.italian'
0	23:02:38.834	Migration: copied from 'C:\Program Files (x86)\OANDA - MetaTrader\history\mailbox\1356998413.japanese' to 'C:\Users\nguem\AppData\Roaming\MetaQuotes\Terminal\3212703ED955F10C7534BE8497B221F4\history\mailbox\1356998413.japanese'
0	23:02:38.835	Migration: copied from 'C:\Program Files (x86)\OANDA - MetaTrader\history\mailbox\1356998414.malay' to 'C:\Users\nguem\AppData\Roaming\MetaQuotes\Terminal\3212703ED955F10C7534BE8497B221F4\history\mailbox\1356998414.malay'
0	23:02:38.835	Migration: copied from 'C:\Program Files (x86)\OANDA - MetaTrader\history\mailbox\1356998415.polish' to 'C:\Users\nguem\AppData\Roaming\MetaQuotes\Terminal\3212703ED955F10C7534BE8497B221F4\history\mailbox\1356998415.polish'
0	23:02:38.836	Migration: copied from 'C:\Program Files (x86)\OANDA - MetaTrader\history\mailbox\1356998416.portuguese' to 'C:\Users\nguem\AppData\Roaming\MetaQuotes\Terminal\3212703ED955F10C7534BE8497B221F4\history\mailbox\1356998416.portuguese'
0	23:02:38.837	Migration: copied from 'C:\Program Files (x86)\OANDA - MetaTrader\history\mailbox\1356998417.russian' to 'C:\Users\nguem\AppData\Roaming\MetaQuotes\Terminal\3212703ED955F10C7534BE8497B221F4\history\mailbox\1356998417.russian'
0	23:02:38.838	Migration: copied from 'C:\Program Files (x86)\OANDA - MetaTrader\history\mailbox\1356998418.slovenian' to 'C:\Users\nguem\AppData\Roaming\MetaQuotes\Terminal\3212703ED955F10C7534BE8497B221F4\history\mailbox\1356998418.slovenian'
0	23:02:38.839	Migration: copied from 'C:\Program Files (x86)\OANDA - MetaTrader\history\mailbox\1356998419.spanish' to 'C:\Users\nguem\AppData\Roaming\MetaQuotes\Terminal\3212703ED955F10C7534BE8497B221F4\history\mailbox\1356998419.spanish'
0	23:02:38.839	Migration: copied from 'C:\Program Files (x86)\OANDA - MetaTrader\history\mailbox\1356998420.tajik' to 'C:\Users\nguem\AppData\Roaming\MetaQuotes\Terminal\3212703ED955F10C7534BE8497B221F4\history\mailbox\1356998420.tajik'
0	23:02:38.840	Migration: copied from 'C:\Program Files (x86)\OANDA - MetaTrader\history\mailbox\1356998421.thai' to 'C:\Users\nguem\AppData\Roaming\MetaQuotes\Terminal\3212703ED955F10C7534BE8497B221F4\history\mailbox\1356998421.thai'
0	23:02:38.841	Migration: copied from 'C:\Program Files (x86)\OANDA - MetaTrader\history\mailbox\1356998422.turkish' to 'C:\Users\nguem\AppData\Roaming\MetaQuotes\Terminal\3212703ED955F10C7534BE8497B221F4\history\mailbox\1356998422.turkish'
0	23:02:38.843	Migration: copied from 'C:\Program Files (x86)\OANDA - MetaTrader\history\mailbox\1356998423.uzbek' to 'C:\Users\nguem\AppData\Roaming\MetaQuotes\Terminal\3212703ED955F10C7534BE8497B221F4\history\mailbox\1356998423.uzbek'
0	23:02:38.843	Migration: copied from 'C:\Program Files (x86)\OANDA - MetaTrader\history\mailbox\1356998424.vietnamese' to 'C:\Users\nguem\AppData\Roaming\MetaQuotes\Terminal\3212703ED955F10C7534BE8497B221F4\history\mailbox\1356998424.vietnamese'
0	23:02:38.844	Migration: copied from 'C:\Program Files (x86)\OANDA - MetaTrader\history\mailbox\1356998425.arabic' to 'C:\Users\nguem\AppData\Roaming\MetaQuotes\Terminal\3212703ED955F10C7534BE8497B221F4\history\mailbox\1356998425.arabic'
0	23:02:38.845	Migration: copied from 'C:\Program Files (x86)\OANDA - MetaTrader\history\mailbox\1356998426.bulgarian' to 'C:\Users\nguem\AppData\Roaming\MetaQuotes\Terminal\3212703ED955F10C7534BE8497B221F4\history\mailbox\1356998426.bulgarian'
0	23:02:38.845	Migration: copied from 'C:\Program Files (x86)\OANDA - MetaTrader\history\mailbox\1356998427.chinese (simplified)' to 'C:\Users\nguem\AppData\Roaming\MetaQuotes\Terminal\3212703ED955F10C7534BE8497B221F4\history\mailbox\1356998427.chinese (simplified)'
0	23:02:38.846	Migration: copied from 'C:\Program Files (x86)\OANDA - MetaTrader\history\mailbox\1356998428.chinese (traditional)' to 'C:\Users\nguem\AppData\Roaming\MetaQuotes\Terminal\3212703ED955F10C7534BE8497B221F4\history\mailbox\1356998428.chinese (traditional)'
0	23:02:38.847	Migration: copied from 'C:\Program Files (x86)\OANDA - MetaTrader\history\mailbox\1356998429.czech' to 'C:\Users\nguem\AppData\Roaming\MetaQuotes\Terminal\3212703ED955F10C7534BE8497B221F4\history\mailbox\1356998429.czech'
0	23:02:38.847	Migration: copied from 'C:\Program Files (x86)\OANDA - MetaTrader\history\mailbox\1356998430.english' to 'C:\Users\nguem\AppData\Roaming\MetaQuotes\Terminal\3212703ED955F10C7534BE8497B221F4\history\mailbox\1356998430.english'
0	23:02:38.848	Migration: copied from 'C:\Program Files (x86)\OANDA - MetaTrader\history\mailbox\1356998431.french' to 'C:\Users\nguem\AppData\Roaming\MetaQuotes\Terminal\3212703ED955F10C7534BE8497B221F4\history\mailbox\1356998431.french'
0	23:02:38.848	Migration: copied from 'C:\Program Files (x86)\OANDA - MetaTrader\history\mailbox\1356998432.german' to 'C:\Users\nguem\AppData\Roaming\MetaQuotes\Terminal\3212703ED955F10C7534BE8497B221F4\history\mailbox\1356998432.german'
0	23:02:38.849	Migration: copied from 'C:\Program Files (x86)\OANDA - MetaTrader\history\mailbox\1356998433.greek' to 'C:\Users\nguem\AppData\Roaming\MetaQuotes\Terminal\3212703ED955F10C7534BE8497B221F4\history\mailbox\1356998433.greek'
0	23:02:38.850	Migration: copied from 'C:\Program Files (x86)\OANDA - MetaTrader\history\mailbox\1356998434.hebrew' to 'C:\Users\nguem\AppData\Roaming\MetaQuotes\Terminal\3212703ED955F10C7534BE8497B221F4\history\mailbox\1356998434.hebrew'
0	23:02:38.851	Migration: copied from 'C:\Program Files (x86)\OANDA - MetaTrader\history\mailbox\1356998435.hungarian' to 'C:\Users\nguem\AppData\Roaming\MetaQuotes\Terminal\3212703ED955F10C7534BE8497B221F4\history\mailbox\1356998435.hungarian'
0	23:02:38.851	Migration: copied from 'C:\Program Files (x86)\OANDA - MetaTrader\history\mailbox\1356998436.indonesian' to 'C:\Users\nguem\AppData\Roaming\MetaQuotes\Terminal\3212703ED955F10C7534BE8497B221F4\history\mailbox\1356998436.indonesian'
0	23:02:38.852	Migration: copied from 'C:\Program Files (x86)\OANDA - MetaTrader\history\mailbox\1356998437.italian' to 'C:\Users\nguem\AppData\Roaming\MetaQuotes\Terminal\3212703ED955F10C7534BE8497B221F4\history\mailbox\1356998437.italian'
0	23:02:38.852	Migration: copied from 'C:\Program Files (x86)\OANDA - MetaTrader\history\mailbox\1356998438.japanese' to 'C:\Users\nguem\AppData\Roaming\MetaQuotes\Terminal\3212703ED955F10C7534BE8497B221F4\history\mailbox\1356998438.japanese'
0	23:02:38.853	Migration: copied from 'C:\Program Files (x86)\OANDA - MetaTrader\history\mailbox\1356998439.malay' to 'C:\Users\nguem\AppData\Roaming\MetaQuotes\Terminal\3212703ED955F10C7534BE8497B221F4\history\mailbox\1356998439.malay'
0	23:02:38.854	Migration: copied from 'C:\Program Files (x86)\OANDA - MetaTrader\history\mailbox\1356998440.polish' to 'C:\Users\nguem\AppData\Roaming\MetaQuotes\Terminal\3212703ED955F10C7534BE8497B221F4\history\mailbox\1356998440.polish'
0	23:02:38.854	Migration: copied from 'C:\Program Files (x86)\OANDA - MetaTrader\history\mailbox\1356998441.portuguese' to 'C:\Users\nguem\AppData\Roaming\MetaQuotes\Terminal\3212703ED955F10C7534BE8497B221F4\history\mailbox\1356998441.portuguese'
0	23:02:38.855	Migration: copied from 'C:\Program Files (x86)\OANDA - MetaTrader\history\mailbox\1356998442.russian' to 'C:\Users\nguem\AppData\Roaming\MetaQuotes\Terminal\3212703ED955F10C7534BE8497B221F4\history\mailbox\1356998442.russian'
0	23:02:38.856	Migration: copied from 'C:\Program Files (x86)\OANDA - MetaTrader\history\mailbox\1356998443.slovenian' to 'C:\Users\nguem\AppData\Roaming\MetaQuotes\Terminal\3212703ED955F10C7534BE8497B221F4\history\mailbox\1356998443.slovenian'
0	23:02:38.857	Migration: copied from 'C:\Program Files (x86)\OANDA - MetaTrader\history\mailbox\1356998444.spanish' to 'C:\Users\nguem\AppData\Roaming\MetaQuotes\Terminal\3212703ED955F10C7534BE8497B221F4\history\mailbox\1356998444.spanish'
0	23:02:38.857	Migration: copied from 'C:\Program Files (x86)\OANDA - MetaTrader\history\mailbox\1356998445.tajik' to 'C:\Users\nguem\AppData\Roaming\MetaQuotes\Terminal\3212703ED955F10C7534BE8497B221F4\history\mailbox\1356998445.tajik'
0	23:02:38.859	Migration: copied from 'C:\Program Files (x86)\OANDA - MetaTrader\history\mailbox\1356998446.thai' to 'C:\Users\nguem\AppData\Roaming\MetaQuotes\Terminal\3212703ED955F10C7534BE8497B221F4\history\mailbox\1356998446.thai'
0	23:02:38.860	Migration: copied from 'C:\Program Files (x86)\OANDA - MetaTrader\history\mailbox\1356998447.turkish' to 'C:\Users\nguem\AppData\Roaming\MetaQuotes\Terminal\3212703ED955F10C7534BE8497B221F4\history\mailbox\1356998447.turkish'
0	23:02:38.860	Migration: copied from 'C:\Program Files (x86)\OANDA - MetaTrader\history\mailbox\1356998448.uzbek' to 'C:\Users\nguem\AppData\Roaming\MetaQuotes\Terminal\3212703ED955F10C7534BE8497B221F4\history\mailbox\1356998448.uzbek'
0	23:02:38.861	Migration: copied from 'C:\Program Files (x86)\OANDA - MetaTrader\history\mailbox\1356998449.vietnamese' to 'C:\Users\nguem\AppData\Roaming\MetaQuotes\Terminal\3212703ED955F10C7534BE8497B221F4\history\mailbox\1356998449.vietnamese'
0	23:02:38.861	Migration: copied from 'C:\Program Files (x86)\OANDA - MetaTrader\history\mailbox\1356998450.arabic' to 'C:\Users\nguem\AppData\Roaming\MetaQuotes\Terminal\3212703ED955F10C7534BE8497B221F4\history\mailbox\1356998450.arabic'
0	23:02:38.862	Migration: copied from 'C:\Program Files (x86)\OANDA - MetaTrader\history\mailbox\1356998451.bulgarian' to 'C:\Users\nguem\AppData\Roaming\MetaQuotes\Terminal\3212703ED955F10C7534BE8497B221F4\history\mailbox\1356998451.bulgarian'
0	23:02:38.863	Migration: copied from 'C:\Program Files (x86)\OANDA - MetaTrader\history\mailbox\1356998452.chinese (simplified)' to 'C:\Users\nguem\AppData\Roaming\MetaQuotes\Terminal\3212703ED955F10C7534BE8497B221F4\history\mailbox\1356998452.chinese (simplified)'
0	23:02:38.863	Migration: copied from 'C:\Program Files (x86)\OANDA - MetaTrader\history\mailbox\1356998453.chinese (traditional)' to 'C:\Users\nguem\AppData\Roaming\MetaQuotes\Terminal\3212703ED955F10C7534BE8497B221F4\history\mailbox\1356998453.chinese (traditional)'
0	23:02:38.864	Migration: copied from 'C:\Program Files (x86)\OANDA - MetaTrader\history\mailbox\1356998454.czech' to 'C:\Users\nguem\AppData\Roaming\MetaQuotes\Terminal\3212703ED955F10C7534BE8497B221F4\history\mailbox\1356998454.czech'
0	23:02:38.864	Migration: copied from 'C:\Program Files (x86)\OANDA - MetaTrader\history\mailbox\1356998455.english' to 'C:\Users\nguem\AppData\Roaming\MetaQuotes\Terminal\3212703ED955F10C7534BE8497B221F4\history\mailbox\1356998455.english'
0	23:02:38.865	Migration: copied from 'C:\Program Files (x86)\OANDA - MetaTrader\history\mailbox\1356998456.french' to 'C:\Users\nguem\AppData\Roaming\MetaQuotes\Terminal\3212703ED955F10C7534BE8497B221F4\history\mailbox\1356998456.french'
0	23:02:38.866	Migration: copied from 'C:\Program Files (x86)\OANDA - MetaTrader\history\mailbox\1356998457.german' to 'C:\Users\nguem\AppData\Roaming\MetaQuotes\Terminal\3212703ED955F10C7534BE8497B221F4\history\mailbox\1356998457.german'
0	23:02:38.866	Migration: copied from 'C:\Program Files (x86)\OANDA - MetaTrader\history\mailbox\1356998458.greek' to 'C:\Users\nguem\AppData\Roaming\MetaQuotes\Terminal\3212703ED955F10C7534BE8497B221F4\history\mailbox\1356998458.greek'
0	23:02:38.867	Migration: copied from 'C:\Program Files (x86)\OANDA - MetaTrader\history\mailbox\1356998459.hebrew' to 'C:\Users\nguem\AppData\Roaming\MetaQuotes\Terminal\3212703ED955F10C7534BE8497B221F4\history\mailbox\1356998459.hebrew'
0	23:02:38.868	Migration: copied from 'C:\Program Files (x86)\OANDA - MetaTrader\history\mailbox\1356998460.hungarian' to 'C:\Users\nguem\AppData\Roaming\MetaQuotes\Terminal\3212703ED955F10C7534BE8497B221F4\history\mailbox\1356998460.hungarian'
0	23:02:38.869	Migration: copied from 'C:\Program Files (x86)\OANDA - MetaTrader\history\mailbox\1356998461.indonesian' to 'C:\Users\nguem\AppData\Roaming\MetaQuotes\Terminal\3212703ED955F10C7534BE8497B221F4\history\mailbox\1356998461.indonesian'
0	23:02:38.869	Migration: copied from 'C:\Program Files (x86)\OANDA - MetaTrader\history\mailbox\1356998462.italian' to 'C:\Users\nguem\AppData\Roaming\MetaQuotes\Terminal\3212703ED955F10C7534BE8497B221F4\history\mailbox\1356998462.italian'
0	23:02:38.870	Migration: copied from 'C:\Program Files (x86)\OANDA - MetaTrader\history\mailbox\1356998463.japanese' to 'C:\Users\nguem\AppData\Roaming\MetaQuotes\Terminal\3212703ED955F10C7534BE8497B221F4\history\mailbox\1356998463.japanese'
0	23:02:38.870	Migration: copied from 'C:\Program Files (x86)\OANDA - MetaTrader\history\mailbox\1356998464.malay' to 'C:\Users\nguem\AppData\Roaming\MetaQuotes\Terminal\3212703ED955F10C7534BE8497B221F4\history\mailbox\1356998464.malay'
0	23:02:38.871	Migration: copied from 'C:\Program Files (x86)\OANDA - MetaTrader\history\mailbox\1356998465.polish' to 'C:\Users\nguem\AppData\Roaming\MetaQuotes\Terminal\3212703ED955F10C7534BE8497B221F4\history\mailbox\1356998465.polish'
0	23:02:38.872	Migration: copied from 'C:\Program Files (x86)\OANDA - MetaTrader\history\mailbox\1356998466.portuguese' to 'C:\Users\nguem\AppData\Roaming\MetaQuotes\Terminal\3212703ED955F10C7534BE8497B221F4\history\mailbox\1356998466.portuguese'
0	23:02:38.873	Migration: copied from 'C:\Program Files (x86)\OANDA - MetaTrader\history\mailbox\1356998467.russian' to 'C:\Users\nguem\AppData\Roaming\MetaQuotes\Terminal\3212703ED955F10C7534BE8497B221F4\history\mailbox\1356998467.russian'
0	23:02:38.874	Migration: copied from 'C:\Program Files (x86)\OANDA - MetaTrader\history\mailbox\1356998468.slovenian' to 'C:\Users\nguem\AppData\Roaming\MetaQuotes\Terminal\3212703ED955F10C7534BE8497B221F4\history\mailbox\1356998468.slovenian'
0	23:02:38.875	Migration: copied from 'C:\Program Files (x86)\OANDA - MetaTrader\history\mailbox\1356998469.spanish' to 'C:\Users\nguem\AppData\Roaming\MetaQuotes\Terminal\3212703ED955F10C7534BE8497B221F4\history\mailbox\1356998469.spanish'
0	23:02:38.876	Migration: copied from 'C:\Program Files (x86)\OANDA - MetaTrader\history\mailbox\1356998470.tajik' to 'C:\Users\nguem\AppData\Roaming\MetaQuotes\Terminal\3212703ED955F10C7534BE8497B221F4\history\mailbox\1356998470.tajik'
0	23:02:38.877	Migration: copied from 'C:\Program Files (x86)\OANDA - MetaTrader\history\mailbox\1356998471.thai' to 'C:\Users\nguem\AppData\Roaming\MetaQuotes\Terminal\3212703ED955F10C7534BE8497B221F4\history\mailbox\1356998471.thai'
0	23:02:38.878	Migration: copied from 'C:\Program Files (x86)\OANDA - MetaTrader\history\mailbox\1356998472.turkish' to 'C:\Users\nguem\AppData\Roaming\MetaQuotes\Terminal\3212703ED955F10C7534BE8497B221F4\history\mailbox\1356998472.turkish'
0	23:02:38.879	Migration: copied from 'C:\Program Files (x86)\OANDA - MetaTrader\history\mailbox\1356998473.uzbek' to 'C:\Users\nguem\AppData\Roaming\MetaQuotes\Terminal\3212703ED955F10C7534BE8497B221F4\history\mailbox\1356998473.uzbek'
0	23:02:38.880	Migration: copied from 'C:\Program Files (x86)\OANDA - MetaTrader\history\mailbox\1356998474.vietnamese' to 'C:\Users\nguem\AppData\Roaming\MetaQuotes\Terminal\3212703ED955F10C7534BE8497B221F4\history\mailbox\1356998474.vietnamese'
0	23:02:38.880	Migration: copied from 'C:\Program Files (x86)\OANDA - MetaTrader\history\mailbox\1356998475.arabic' to 'C:\Users\nguem\AppData\Roaming\MetaQuotes\Terminal\3212703ED955F10C7534BE8497B221F4\history\mailbox\1356998475.arabic'
0	23:02:38.881	Migration: copied from 'C:\Program Files (x86)\OANDA - MetaTrader\history\mailbox\1356998476.bulgarian' to 'C:\Users\nguem\AppData\Roaming\MetaQuotes\Terminal\3212703ED955F10C7534BE8497B221F4\history\mailbox\1356998476.bulgarian'
0	23:02:38.882	Migration: copied from 'C:\Program Files (x86)\OANDA - MetaTrader\history\mailbox\1356998477.chinese (simplified)' to 'C:\Users\nguem\AppData\Roaming\MetaQuotes\Terminal\3212703ED955F10C7534BE8497B221F4\history\mailbox\1356998477.chinese (simplified)'
0	23:02:38.882	Migration: copied from 'C:\Program Files (x86)\OANDA - MetaTrader\history\mailbox\1356998478.chinese (traditional)' to 'C:\Users\nguem\AppData\Roaming\MetaQuotes\Terminal\3212703ED955F10C7534BE8497B221F4\history\mailbox\1356998478.chinese (traditional)'
0	23:02:38.883	Migration: copied from 'C:\Program Files (x86)\OANDA - MetaTrader\history\mailbox\1356998479.czech' to 'C:\Users\nguem\AppData\Roaming\MetaQuotes\Terminal\3212703ED955F10C7534BE8497B221F4\history\mailbox\1356998479.czech'
0	23:02:38.883	Migration: copied from 'C:\Program Files (x86)\OANDA - MetaTrader\history\mailbox\1356998480.english' to 'C:\Users\nguem\AppData\Roaming\MetaQuotes\Terminal\3212703ED955F10C7534BE8497B221F4\history\mailbox\1356998480.english'
0	23:02:38.884	Migration: copied from 'C:\Program Files (x86)\OANDA - MetaTrader\history\mailbox\1356998481.french' to 'C:\Users\nguem\AppData\Roaming\MetaQuotes\Terminal\3212703ED955F10C7534BE8497B221F4\history\mailbox\1356998481.french'
0	23:02:38.885	Migration: copied from 'C:\Program Files (x86)\OANDA - MetaTrader\history\mailbox\1356998482.german' to 'C:\Users\nguem\AppData\Roaming\MetaQuotes\Terminal\3212703ED955F10C7534BE8497B221F4\history\mailbox\1356998482.german'
0	23:02:38.886	Migration: copied from 'C:\Program Files (x86)\OANDA - MetaTrader\history\mailbox\1356998483.greek' to 'C:\Users\nguem\AppData\Roaming\MetaQuotes\Terminal\3212703ED955F10C7534BE8497B221F4\history\mailbox\1356998483.greek'
0	23:02:38.887	Migration: copied from 'C:\Program Files (x86)\OANDA - MetaTrader\history\mailbox\1356998484.hebrew' to 'C:\Users\nguem\AppData\Roaming\MetaQuotes\Terminal\3212703ED955F10C7534BE8497B221F4\history\mailbox\1356998484.hebrew'
0	23:02:38.887	Migration: copied from 'C:\Program Files (x86)\OANDA - MetaTrader\history\mailbox\1356998485.hungarian' to 'C:\Users\nguem\AppData\Roaming\MetaQuotes\Terminal\3212703ED955F10C7534BE8497B221F4\history\mailbox\1356998485.hungarian'
0	23:02:38.888	Migration: copied from 'C:\Program Files (x86)\OANDA - MetaTrader\history\mailbox\1356998486.indonesian' to 'C:\Users\nguem\AppData\Roaming\MetaQuotes\Terminal\3212703ED955F10C7534BE8497B221F4\history\mailbox\1356998486.indonesian'
0	23:02:38.888	Migration: copied from 'C:\Program Files (x86)\OANDA - MetaTrader\history\mailbox\1356998487.italian' to 'C:\Users\nguem\AppData\Roaming\MetaQuotes\Terminal\3212703ED955F10C7534BE8497B221F4\history\mailbox\1356998487.italian'
0	23:02:38.889	Migration: copied from 'C:\Program Files (x86)\OANDA - MetaTrader\history\mailbox\1356998488.japanese' to 'C:\Users\nguem\AppData\Roaming\MetaQuotes\Terminal\3212703ED955F10C7534BE8497B221F4\history\mailbox\1356998488.japanese'
0	23:02:38.891	Migration: copied from 'C:\Program Files (x86)\OANDA - MetaTrader\history\mailbox\1356998489.malay' to 'C:\Users\nguem\AppData\Roaming\MetaQuotes\Terminal\3212703ED955F10C7534BE8497B221F4\history\mailbox\1356998489.malay'
0	23:02:38.893	Migration: copied from 'C:\Program Files (x86)\OANDA - MetaTrader\history\mailbox\1356998490.polish' to 'C:\Users\nguem\AppData\Roaming\MetaQuotes\Terminal\3212703ED955F10C7534BE8497B221F4\history\mailbox\1356998490.polish'
0	23:02:38.894	Migration: copied from 'C:\Program Files (x86)\OANDA - MetaTrader\history\mailbox\1356998491.portuguese' to 'C:\Users\nguem\AppData\Roaming\MetaQuotes\Terminal\3212703ED955F10C7534BE8497B221F4\history\mailbox\1356998491.portuguese'
0	23:02:38.895	Migration: copied from 'C:\Program Files (x86)\OANDA - MetaTrader\history\mailbox\1356998492.russian' to 'C:\Users\nguem\AppData\Roaming\MetaQuotes\Terminal\3212703ED955F10C7534BE8497B221F4\history\mailbox\1356998492.russian'
0	23:02:38.896	Migration: copied from 'C:\Program Files (x86)\OANDA - MetaTrader\history\mailbox\1356998493.slovenian' to 'C:\Users\nguem\AppData\Roaming\MetaQuotes\Terminal\3212703ED955F10C7534BE8497B221F4\history\mailbox\1356998493.slovenian'
0	23:02:38.896	Migration: copied from 'C:\Program Files (x86)\OANDA - MetaTrader\history\mailbox\1356998494.spanish' to 'C:\Users\nguem\AppData\Roaming\MetaQuotes\Terminal\3212703ED955F10C7534BE8497B221F4\history\mailbox\1356998494.spanish'
0	23:02:38.897	Migration: copied from 'C:\Program Files (x86)\OANDA - MetaTrader\history\mailbox\1356998495.tajik' to 'C:\Users\nguem\AppData\Roaming\MetaQuotes\Terminal\3212703ED955F10C7534BE8497B221F4\history\mailbox\1356998495.tajik'
0	23:02:38.898	Migration: copied from 'C:\Program Files (x86)\OANDA - MetaTrader\history\mailbox\1356998496.thai' to 'C:\Users\nguem\AppData\Roaming\MetaQuotes\Terminal\3212703ED955F10C7534BE8497B221F4\history\mailbox\1356998496.thai'
0	23:02:38.898	Migration: copied from 'C:\Program Files (x86)\OANDA - MetaTrader\history\mailbox\1356998497.turkish' to 'C:\Users\nguem\AppData\Roaming\MetaQuotes\Terminal\3212703ED955F10C7534BE8497B221F4\history\mailbox\1356998497.turkish'
0	23:02:38.899	Migration: copied from 'C:\Program Files (x86)\OANDA - MetaTrader\history\mailbox\1356998498.uzbek' to 'C:\Users\nguem\AppData\Roaming\MetaQuotes\Terminal\3212703ED955F10C7534BE8497B221F4\history\mailbox\1356998498.uzbek'
0	23:02:38.900	Migration: copied from 'C:\Program Files (x86)\OANDA - MetaTrader\history\mailbox\1356998499.vietnamese' to 'C:\Users\nguem\AppData\Roaming\MetaQuotes\Terminal\3212703ED955F10C7534BE8497B221F4\history\mailbox\1356998499.vietnamese'
0	23:02:38.900	Migration: copied from 'C:\Program Files (x86)\OANDA - MetaTrader\history\mailbox\1356998500.arabic' to 'C:\Users\nguem\AppData\Roaming\MetaQuotes\Terminal\3212703ED955F10C7534BE8497B221F4\history\mailbox\1356998500.arabic'
0	23:02:38.901	Migration: copied from 'C:\Program Files (x86)\OANDA - MetaTrader\history\mailbox\1356998501.bulgarian' to 'C:\Users\nguem\AppData\Roaming\MetaQuotes\Terminal\3212703ED955F10C7534BE8497B221F4\history\mailbox\1356998501.bulgarian'
0	23:02:38.902	Migration: copied from 'C:\Program Files (x86)\OANDA - MetaTrader\history\mailbox\1356998502.chinese (simplified)' to 'C:\Users\nguem\AppData\Roaming\MetaQuotes\Terminal\3212703ED955F10C7534BE8497B221F4\history\mailbox\1356998502.chinese (simplified)'
0	23:02:38.902	Migration: copied from 'C:\Program Files (x86)\OANDA - MetaTrader\history\mailbox\1356998503.chinese (traditional)' to 'C:\Users\nguem\AppData\Roaming\MetaQuotes\Terminal\3212703ED955F10C7534BE8497B221F4\history\mailbox\1356998503.chinese (traditional)'
0	23:02:38.903	Migration: copied from 'C:\Program Files (x86)\OANDA - MetaTrader\history\mailbox\1356998504.czech' to 'C:\Users\nguem\AppData\Roaming\MetaQuotes\Terminal\3212703ED955F10C7534BE8497B221F4\history\mailbox\1356998504.czech'
0	23:02:38.904	Migration: copied from 'C:\Program Files (x86)\OANDA - MetaTrader\history\mailbox\1356998505.english' to 'C:\Users\nguem\AppData\Roaming\MetaQuotes\Terminal\3212703ED955F10C7534BE8497B221F4\history\mailbox\1356998505.english'
0	23:02:38.904	Migration: copied from 'C:\Program Files (x86)\OANDA - MetaTrader\history\mailbox\1356998506.french' to 'C:\Users\nguem\AppData\Roaming\MetaQuotes\Terminal\3212703ED955F10C7534BE8497B221F4\history\mailbox\1356998506.french'
0	23:02:38.905	Migration: copied from 'C:\Program Files (x86)\OANDA - MetaTrader\history\mailbox\1356998507.german' to 'C:\Users\nguem\AppData\Roaming\MetaQuotes\Terminal\3212703ED955F10C7534BE8497B221F4\history\mailbox\1356998507.german'
0	23:02:38.906	Migration: copied from 'C:\Program Files (x86)\OANDA - MetaTrader\history\mailbox\1356998508.greek' to 'C:\Users\nguem\AppData\Roaming\MetaQuotes\Terminal\3212703ED955F10C7534BE8497B221F4\history\mailbox\1356998508.greek'
0	23:02:38.906	Migration: copied from 'C:\Program Files (x86)\OANDA - MetaTrader\history\mailbox\1356998509.hebrew' to 'C:\Users\nguem\AppData\Roaming\MetaQuotes\Terminal\3212703ED955F10C7534BE8497B221F4\history\mailbox\1356998509.hebrew'
0	23:02:38.907	Migration: copied from 'C:\Program Files (x86)\OANDA - MetaTrader\history\mailbox\1356998510.hungarian' to 'C:\Users\nguem\AppData\Roaming\MetaQuotes\Terminal\3212703ED955F10C7534BE8497B221F4\history\mailbox\1356998510.hungarian'
0	23:02:38.908	Migration: copied from 'C:\Program Files (x86)\OANDA - MetaTrader\history\mailbox\1356998511.indonesian' to 'C:\Users\nguem\AppData\Roaming\MetaQuotes\Terminal\3212703ED955F10C7534BE8497B221F4\history\mailbox\1356998511.indonesian'
0	23:02:38.909	Migration: copied from 'C:\Program Files (x86)\OANDA - MetaTrader\history\mailbox\1356998512.italian' to 'C:\Users\nguem\AppData\Roaming\MetaQuotes\Terminal\3212703ED955F10C7534BE8497B221F4\history\mailbox\1356998512.italian'
0	23:02:38.910	Migration: copied from 'C:\Program Files (x86)\OANDA - MetaTrader\history\mailbox\1356998513.japanese' to 'C:\Users\nguem\AppData\Roaming\MetaQuotes\Terminal\3212703ED955F10C7534BE8497B221F4\history\mailbox\1356998513.japanese'
0	23:02:38.911	Migration: copied from 'C:\Program Files (x86)\OANDA - MetaTrader\history\mailbox\1356998514.malay' to 'C:\Users\nguem\AppData\Roaming\MetaQuotes\Terminal\3212703ED955F10C7534BE8497B221F4\history\mailbox\1356998514.malay'
0	23:02:38.912	Migration: copied from 'C:\Program Files (x86)\OANDA - MetaTrader\history\mailbox\1356998515.polish' to 'C:\Users\nguem\AppData\Roaming\MetaQuotes\Terminal\3212703ED955F10C7534BE8497B221F4\history\mailbox\1356998515.polish'
0	23:02:38.912	Migration: copied from 'C:\Program Files (x86)\OANDA - MetaTrader\history\mailbox\1356998516.portuguese' to 'C:\Users\nguem\AppData\Roaming\MetaQuotes\Terminal\3212703ED955F10C7534BE8497B221F4\history\mailbox\1356998516.portuguese'
0	23:02:38.913	Migration: copied from 'C:\Program Files (x86)\OANDA - MetaTrader\history\mailbox\1356998517.russian' to 'C:\Users\nguem\AppData\Roaming\MetaQuotes\Terminal\3212703ED955F10C7534BE8497B221F4\history\mailbox\1356998517.russian'
0	23:02:38.913	Migration: copied from 'C:\Program Files (x86)\OANDA - MetaTrader\history\mailbox\1356998518.slovenian' to 'C:\Users\nguem\AppData\Roaming\MetaQuotes\Terminal\3212703ED955F10C7534BE8497B221F4\history\mailbox\1356998518.slovenian'
0	23:02:38.915	Migration: copied from 'C:\Program Files (x86)\OANDA - MetaTrader\history\mailbox\1356998519.spanish' to 'C:\Users\nguem\AppData\Roaming\MetaQuotes\Terminal\3212703ED955F10C7534BE8497B221F4\history\mailbox\1356998519.spanish'
0	23:02:38.915	Migration: copied from 'C:\Program Files (x86)\OANDA - MetaTrader\history\mailbox\1356998520.tajik' to 'C:\Users\nguem\AppData\Roaming\MetaQuotes\Terminal\3212703ED955F10C7534BE8497B221F4\history\mailbox\1356998520.tajik'
0	23:02:38.916	Migration: copied from 'C:\Program Files (x86)\OANDA - MetaTrader\history\mailbox\1356998521.thai' to 'C:\Users\nguem\AppData\Roaming\MetaQuotes\Terminal\3212703ED955F10C7534BE8497B221F4\history\mailbox\1356998521.thai'
0	23:02:38.917	Migration: copied from 'C:\Program Files (x86)\OANDA - MetaTrader\history\mailbox\1356998522.turkish' to 'C:\Users\nguem\AppData\Roaming\MetaQuotes\Terminal\3212703ED955F10C7534BE8497B221F4\history\mailbox\1356998522.turkish'
0	23:02:38.917	Migration: copied from 'C:\Program Files (x86)\OANDA - MetaTrader\history\mailbox\1356998523.uzbek' to 'C:\Users\nguem\AppData\Roaming\MetaQuotes\Terminal\3212703ED955F10C7534BE8497B221F4\history\mailbox\1356998523.uzbek'
0	23:02:38.918	Migration: copied from 'C:\Program Files (x86)\OANDA - MetaTrader\history\mailbox\1356998524.vietnamese' to 'C:\Users\nguem\AppData\Roaming\MetaQuotes\Terminal\3212703ED955F10C7534BE8497B221F4\history\mailbox\1356998524.vietnamese'
0	23:02:38.919	Migration: copied from 'C:\Program Files (x86)\OANDA - MetaTrader\history\mailbox\1356998525.arabic' to 'C:\Users\nguem\AppData\Roaming\MetaQuotes\Terminal\3212703ED955F10C7534BE8497B221F4\history\mailbox\1356998525.arabic'
0	23:02:38.920	Migration: copied from 'C:\Program Files (x86)\OANDA - MetaTrader\history\mailbox\1356998526.bulgarian' to 'C:\Users\nguem\AppData\Roaming\MetaQuotes\Terminal\3212703ED955F10C7534BE8497B221F4\history\mailbox\1356998526.bulgarian'
0	23:02:38.921	Migration: copied from 'C:\Program Files (x86)\OANDA - MetaTrader\history\mailbox\1356998527.chinese (simplified)' to 'C:\Users\nguem\AppData\Roaming\MetaQuotes\Terminal\3212703ED955F10C7534BE8497B221F4\history\mailbox\1356998527.chinese (simplified)'
0	23:02:38.922	Migration: copied from 'C:\Program Files (x86)\OANDA - MetaTrader\history\mailbox\1356998528.chinese (traditional)' to 'C:\Users\nguem\AppData\Roaming\MetaQuotes\Terminal\3212703ED955F10C7534BE8497B221F4\history\mailbox\1356998528.chinese (traditional)'
0	23:02:38.923	Migration: copied from 'C:\Program Files (x86)\OANDA - MetaTrader\history\mailbox\1356998529.czech' to 'C:\Users\nguem\AppData\Roaming\MetaQuotes\Terminal\3212703ED955F10C7534BE8497B221F4\history\mailbox\1356998529.czech'
0	23:02:38.924	Migration: copied from 'C:\Program Files (x86)\OANDA - MetaTrader\history\mailbox\1356998530.english' to 'C:\Users\nguem\AppData\Roaming\MetaQuotes\Terminal\3212703ED955F10C7534BE8497B221F4\history\mailbox\1356998530.english'
0	23:02:38.924	Migration: copied from 'C:\Program Files (x86)\OANDA - MetaTrader\history\mailbox\1356998531.french' to 'C:\Users\nguem\AppData\Roaming\MetaQuotes\Terminal\3212703ED955F10C7534BE8497B221F4\history\mailbox\1356998531.french'
0	23:02:38.925	Migration: copied from 'C:\Program Files (x86)\OANDA - MetaTrader\history\mailbox\1356998532.german' to 'C:\Users\nguem\AppData\Roaming\MetaQuotes\Terminal\3212703ED955F10C7534BE8497B221F4\history\mailbox\1356998532.german'
0	23:02:38.926	Migration: copied from 'C:\Program Files (x86)\OANDA - MetaTrader\history\mailbox\1356998533.greek' to 'C:\Users\nguem\AppData\Roaming\MetaQuotes\Terminal\3212703ED955F10C7534BE8497B221F4\history\mailbox\1356998533.greek'
0	23:02:38.926	Migration: copied from 'C:\Program Files (x86)\OANDA - MetaTrader\history\mailbox\1356998534.hebrew' to 'C:\Users\nguem\AppData\Roaming\MetaQuotes\Terminal\3212703ED955F10C7534BE8497B221F4\history\mailbox\1356998534.hebrew'
0	23:02:38.927	Migration: copied from 'C:\Program Files (x86)\OANDA - MetaTrader\history\mailbox\1356998534.hungarian' to 'C:\Users\nguem\AppData\Roaming\MetaQuotes\Terminal\3212703ED955F10C7534BE8497B221F4\history\mailbox\1356998534.hungarian'
0	23:02:38.928	Migration: copied from 'C:\Program Files (x86)\OANDA - MetaTrader\history\mailbox\1356998535.italian' to 'C:\Users\nguem\AppData\Roaming\MetaQuotes\Terminal\3212703ED955F10C7534BE8497B221F4\history\mailbox\1356998535.italian'
0	23:02:38.929	Migration: copied from 'C:\Program Files (x86)\OANDA - MetaTrader\history\mailbox\1356998536.indonesian' to 'C:\Users\nguem\AppData\Roaming\MetaQuotes\Terminal\3212703ED955F10C7534BE8497B221F4\history\mailbox\1356998536.indonesian'
0	23:02:38.930	Migration: copied from 'C:\Program Files (x86)\OANDA - MetaTrader\history\mailbox\1356998536.japanese' to 'C:\Users\nguem\AppData\Roaming\MetaQuotes\Terminal\3212703ED955F10C7534BE8497B221F4\history\mailbox\1356998536.japanese'
0	23:02:38.931	Migration: copied from 'C:\Program Files (x86)\OANDA - MetaTrader\history\mailbox\1356998537.malay' to 'C:\Users\nguem\AppData\Roaming\MetaQuotes\Terminal\3212703ED955F10C7534BE8497B221F4\history\mailbox\1356998537.malay'
0	23:02:38.931	Migration: copied from 'C:\Program Files (x86)\OANDA - MetaTrader\history\mailbox\1356998538.polish' to 'C:\Users\nguem\AppData\Roaming\MetaQuotes\Terminal\3212703ED955F10C7534BE8497B221F4\history\mailbox\1356998538.polish'
0	23:02:38.932	Migration: copied from 'C:\Program Files (x86)\OANDA - MetaTrader\history\mailbox\1356998539.portuguese' to 'C:\Users\nguem\AppData\Roaming\MetaQuotes\Terminal\3212703ED955F10C7534BE8497B221F4\history\mailbox\1356998539.portuguese'
0	23:02:38.933	Migration: copied from 'C:\Program Files (x86)\OANDA - MetaTrader\history\mailbox\1356998540.russian' to 'C:\Users\nguem\AppData\Roaming\MetaQuotes\Terminal\3212703ED955F10C7534BE8497B221F4\history\mailbox\1356998540.russian'
0	23:02:38.934	Migration: copied from 'C:\Program Files (x86)\OANDA - MetaTrader\history\mailbox\1356998541.slovenian' to 'C:\Users\nguem\AppData\Roaming\MetaQuotes\Terminal\3212703ED955F10C7534BE8497B221F4\history\mailbox\1356998541.slovenian'
0	23:02:38.935	Migration: copied from 'C:\Program Files (x86)\OANDA - MetaTrader\history\mailbox\1356998542.spanish' to 'C:\Users\nguem\AppData\Roaming\MetaQuotes\Terminal\3212703ED955F10C7534BE8497B221F4\history\mailbox\1356998542.spanish'
0	23:02:38.935	Migration: copied from 'C:\Program Files (x86)\OANDA - MetaTrader\history\mailbox\1356998543.tajik' to 'C:\Users\nguem\AppData\Roaming\MetaQuotes\Terminal\3212703ED955F10C7534BE8497B221F4\history\mailbox\1356998543.tajik'
0	23:02:38.936	Migration: copied from 'C:\Program Files (x86)\OANDA - MetaTrader\history\mailbox\1356998544.thai' to 'C:\Users\nguem\AppData\Roaming\MetaQuotes\Terminal\3212703ED955F10C7534BE8497B221F4\history\mailbox\1356998544.thai'
0	23:02:38.937	Migration: copied from 'C:\Program Files (x86)\OANDA - MetaTrader\history\mailbox\1356998545.turkish' to 'C:\Users\nguem\AppData\Roaming\MetaQuotes\Terminal\3212703ED955F10C7534BE8497B221F4\history\mailbox\1356998545.turkish'
0	23:02:38.938	Migration: copied from 'C:\Program Files (x86)\OANDA - MetaTrader\history\mailbox\1356998546.uzbek' to 'C:\Users\nguem\AppData\Roaming\MetaQuotes\Terminal\3212703ED955F10C7534BE8497B221F4\history\mailbox\1356998546.uzbek'
0	23:02:38.939	Migration: copied from 'C:\Program Files (x86)\OANDA - MetaTrader\history\mailbox\1356998547.vietnamese' to 'C:\Users\nguem\AppData\Roaming\MetaQuotes\Terminal\3212703ED955F10C7534BE8497B221F4\history\mailbox\1356998547.vietnamese'
0	23:02:38.939	Migration: mailbox folder copied from 'C:\Program Files (x86)\OANDA - MetaTrader' to 'C:\Users\nguem\AppData\Roaming\MetaQuotes\Terminal\3212703ED955F10C7534BE8497B221F4'
0	23:02:38.942	Migration: copied from 'C:\Program Files (x86)\OANDA - MetaTrader\profiles\British Pound\chart01.CHR' to 'C:\Users\nguem\AppData\Roaming\MetaQuotes\Terminal\3212703ED955F10C7534BE8497B221F4\profiles\British Pound\chart01.CHR'
0	23:02:38.942	Migration: copied from 'C:\Program Files (x86)\OANDA - MetaTrader\profiles\British Pound\chart02.CHR' to 'C:\Users\nguem\AppData\Roaming\MetaQuotes\Terminal\3212703ED955F10C7534BE8497B221F4\profiles\British Pound\chart02.CHR'
0	23:02:38.943	Migration: copied from 'C:\Program Files (x86)\OANDA - MetaTrader\profiles\British Pound\chart03.CHR' to 'C:\Users\nguem\AppData\Roaming\MetaQuotes\Terminal\3212703ED955F10C7534BE8497B221F4\profiles\British Pound\chart03.CHR'
0	23:02:38.944	Migration: copied from 'C:\Program Files (x86)\OANDA - MetaTrader\profiles\British Pound\order.wnd' to 'C:\Users\nguem\AppData\Roaming\MetaQuotes\Terminal\3212703ED955F10C7534BE8497B221F4\profiles\British Pound\order.wnd'
0	23:02:38.945	Migration: copied from 'C:\Program Files (x86)\OANDA - MetaTrader\profiles\default\chart01.CHR' to 'C:\Users\nguem\AppData\Roaming\MetaQuotes\Terminal\3212703ED955F10C7534BE8497B221F4\profiles\default\chart01.CHR'
0	23:02:38.946	Migration: copied from 'C:\Program Files (x86)\OANDA - MetaTrader\profiles\default\chart02.CHR' to 'C:\Users\nguem\AppData\Roaming\MetaQuotes\Terminal\3212703ED955F10C7534BE8497B221F4\profiles\default\chart02.CHR'
0	23:02:38.947	Migration: copied from 'C:\Program Files (x86)\OANDA - MetaTrader\profiles\default\chart03.CHR' to 'C:\Users\nguem\AppData\Roaming\MetaQuotes\Terminal\3212703ED955F10C7534BE8497B221F4\profiles\default\chart03.CHR'
0	23:02:38.947	Migration: copied from 'C:\Program Files (x86)\OANDA - MetaTrader\profiles\default\chart04.CHR' to 'C:\Users\nguem\AppData\Roaming\MetaQuotes\Terminal\3212703ED955F10C7534BE8497B221F4\profiles\default\chart04.CHR'
0	23:02:38.948	Migration: copied from 'C:\Program Files (x86)\OANDA - MetaTrader\profiles\default\order.wnd' to 'C:\Users\nguem\AppData\Roaming\MetaQuotes\Terminal\3212703ED955F10C7534BE8497B221F4\profiles\default\order.wnd'
0	23:02:38.949	Migration: copied from 'C:\Program Files (x86)\OANDA - MetaTrader\profiles\Euro\chart01.CHR' to 'C:\Users\nguem\AppData\Roaming\MetaQuotes\Terminal\3212703ED955F10C7534BE8497B221F4\profiles\Euro\chart01.CHR'
0	23:02:38.950	Migration: copied from 'C:\Program Files (x86)\OANDA - MetaTrader\profiles\Euro\chart02.CHR' to 'C:\Users\nguem\AppData\Roaming\MetaQuotes\Terminal\3212703ED955F10C7534BE8497B221F4\profiles\Euro\chart02.CHR'
0	23:02:38.951	Migration: copied from 'C:\Program Files (x86)\OANDA - MetaTrader\profiles\Euro\chart03.CHR' to 'C:\Users\nguem\AppData\Roaming\MetaQuotes\Terminal\3212703ED955F10C7534BE8497B221F4\profiles\Euro\chart03.CHR'
0	23:02:38.952	Migration: copied from 'C:\Program Files (x86)\OANDA - MetaTrader\profiles\Euro\order.wnd' to 'C:\Users\nguem\AppData\Roaming\MetaQuotes\Terminal\3212703ED955F10C7534BE8497B221F4\profiles\Euro\order.wnd'
0	23:02:38.952	Migration: copied from 'C:\Program Files (x86)\OANDA - MetaTrader\profiles\lastprofile.ini' to 'C:\Users\nguem\AppData\Roaming\MetaQuotes\Terminal\3212703ED955F10C7534BE8497B221F4\profiles\lastprofile.ini'
0	23:02:38.954	Migration: copied from 'C:\Program Files (x86)\OANDA - MetaTrader\profiles\Market Overview\chart01.CHR' to 'C:\Users\nguem\AppData\Roaming\MetaQuotes\Terminal\3212703ED955F10C7534BE8497B221F4\profiles\Market Overview\chart01.CHR'
0	23:02:38.954	Migration: copied from 'C:\Program Files (x86)\OANDA - MetaTrader\profiles\Market Overview\chart02.CHR' to 'C:\Users\nguem\AppData\Roaming\MetaQuotes\Terminal\3212703ED955F10C7534BE8497B221F4\profiles\Market Overview\chart02.CHR'
0	23:02:38.955	Migration: copied from 'C:\Program Files (x86)\OANDA - MetaTrader\profiles\Market Overview\chart03.CHR' to 'C:\Users\nguem\AppData\Roaming\MetaQuotes\Terminal\3212703ED955F10C7534BE8497B221F4\profiles\Market Overview\chart03.CHR'
0	23:02:38.956	Migration: copied from 'C:\Program Files (x86)\OANDA - MetaTrader\profiles\Market Overview\chart04.CHR' to 'C:\Users\nguem\AppData\Roaming\MetaQuotes\Terminal\3212703ED955F10C7534BE8497B221F4\profiles\Market Overview\chart04.CHR'
0	23:02:38.956	Migration: copied from 'C:\Program Files (x86)\OANDA - MetaTrader\profiles\Market Overview\order.wnd' to 'C:\Users\nguem\AppData\Roaming\MetaQuotes\Terminal\3212703ED955F10C7534BE8497B221F4\profiles\Market Overview\order.wnd'
0	23:02:38.958	Migration: copied from 'C:\Program Files (x86)\OANDA - MetaTrader\profiles\Swiss Franc\chart01.CHR' to 'C:\Users\nguem\AppData\Roaming\MetaQuotes\Terminal\3212703ED955F10C7534BE8497B221F4\profiles\Swiss Franc\chart01.CHR'
0	23:02:38.958	Migration: copied from 'C:\Program Files (x86)\OANDA - MetaTrader\profiles\Swiss Franc\chart02.CHR' to 'C:\Users\nguem\AppData\Roaming\MetaQuotes\Terminal\3212703ED955F10C7534BE8497B221F4\profiles\Swiss Franc\chart02.CHR'
0	23:02:38.959	Migration: copied from 'C:\Program Files (x86)\OANDA - MetaTrader\profiles\Swiss Franc\chart03.CHR' to 'C:\Users\nguem\AppData\Roaming\MetaQuotes\Terminal\3212703ED955F10C7534BE8497B221F4\profiles\Swiss Franc\chart03.CHR'
0	23:02:38.959	Migration: copied from 'C:\Program Files (x86)\OANDA - MetaTrader\profiles\Swiss Franc\order.wnd' to 'C:\Users\nguem\AppData\Roaming\MetaQuotes\Terminal\3212703ED955F10C7534BE8497B221F4\profiles\Swiss Franc\order.wnd'
0	23:02:38.959	Migration: profiles folder copied from 'C:\Program Files (x86)\OANDA - MetaTrader' to 'C:\Users\nguem\AppData\Roaming\MetaQuotes\Terminal\3212703ED955F10C7534BE8497B221F4'
0	23:02:38.961	Migration: copied from 'C:\Program Files (x86)\OANDA - MetaTrader\templates\ADX.tpl' to 'C:\Users\nguem\AppData\Roaming\MetaQuotes\Terminal\3212703ED955F10C7534BE8497B221F4\templates\ADX.tpl'
0	23:02:38.961	Migration: copied from 'C:\Program Files (x86)\OANDA - MetaTrader\templates\BollingerBands.tpl' to 'C:\Users\nguem\AppData\Roaming\MetaQuotes\Terminal\3212703ED955F10C7534BE8497B221F4\templates\BollingerBands.tpl'
0	23:02:38.962	Migration: copied from 'C:\Program Files (x86)\OANDA - MetaTrader\templates\Layers.tpl' to 'C:\Users\nguem\AppData\Roaming\MetaQuotes\Terminal\3212703ED955F10C7534BE8497B221F4\templates\Layers.tpl'
0	23:02:38.963	Migration: copied from 'C:\Program Files (x86)\OANDA - MetaTrader\templates\Momentum.tpl' to 'C:\Users\nguem\AppData\Roaming\MetaQuotes\Terminal\3212703ED955F10C7534BE8497B221F4\templates\Momentum.tpl'
0	23:02:38.963	Migration: copied from 'C:\Program Files (x86)\OANDA - MetaTrader\templates\OptimizationReport.htm' to 'C:\Users\nguem\AppData\Roaming\MetaQuotes\Terminal\3212703ED955F10C7534BE8497B221F4\templates\OptimizationReport.htm'
0	23:02:38.964	Migration: copied from 'C:\Program Files (x86)\OANDA - MetaTrader\templates\Popular.tpl' to 'C:\Users\nguem\AppData\Roaming\MetaQuotes\Terminal\3212703ED955F10C7534BE8497B221F4\templates\Popular.tpl'
0	23:02:38.965	Migration: copied from 'C:\Program Files (x86)\OANDA - MetaTrader\templates\statement.htm' to 'C:\Users\nguem\AppData\Roaming\MetaQuotes\Terminal\3212703ED955F10C7534BE8497B221F4\templates\statement.htm'
0	23:02:38.965	Migration: copied from 'C:\Program Files (x86)\OANDA - MetaTrader\templates\StatementDetailed.htm' to 'C:\Users\nguem\AppData\Roaming\MetaQuotes\Terminal\3212703ED955F10C7534BE8497B221F4\templates\StatementDetailed.htm'
0	23:02:38.966	Migration: copied from 'C:\Program Files (x86)\OANDA - MetaTrader\templates\strategytester.htm' to 'C:\Users\nguem\AppData\Roaming\MetaQuotes\Terminal\3212703ED955F10C7534BE8497B221F4\templates\strategytester.htm'
0	23:02:38.967	Migration: copied from 'C:\Program Files (x86)\OANDA - MetaTrader\templates\Volume.tpl' to 'C:\Users\nguem\AppData\Roaming\MetaQuotes\Terminal\3212703ED955F10C7534BE8497B221F4\templates\Volume.tpl'
0	23:02:38.968	Migration: copied from 'C:\Program Files (x86)\OANDA - MetaTrader\templates\Williams.tpl' to 'C:\Users\nguem\AppData\Roaming\MetaQuotes\Terminal\3212703ED955F10C7534BE8497B221F4\templates\Williams.tpl'
0	23:02:38.968	Migration: templates folder copied from 'C:\Program Files (x86)\OANDA - MetaTrader' to 'C:\Users\nguem\AppData\Roaming\MetaQuotes\Terminal\3212703ED955F10C7534BE8497B221F4'
0	23:02:38.976	Migration: data to 'C:\Users\nguem\AppData\Roaming\MetaQuotes\Terminal\3212703ED955F10C7534BE8497B221F4' migration started
0	23:02:38.976	Migration: data migration finished, no virtual folder
0	23:02:38.977	LiveUpdate: update C:\Users\nguem\AppData\Roaming\MetaQuotes\Terminal\3212703ED955F10C7534BE8497B221F4\MQL4 folder started
0	23:02:39.111	LiveUpdate: update C:\Users\nguem\AppData\Roaming\MetaQuotes\Terminal\3212703ED955F10C7534BE8497B221F4\MQL4 folder finished
0	23:02:39.216	OANDA - MT4 build 1355 started (OANDA Corporation)
0	23:02:39.216	Windows 10 Home x64, IE 11, UAC, 12 x Intel Core i5-10500H  @ 2.50GHz, Memory: 363 / 8013 Mb, Disk: 83 / 217 Gb, GMT-5
0	23:02:39.216	Data Folder: C:\Users\nguem\AppData\Roaming\MetaQuotes\Terminal\3212703ED955F10C7534BE8497B221F4
0	23:02:40.000	Sources recompilation started
0	23:02:50.590	Sources recompilation finished (28 compiled in 10578 msec)
2	23:24:13.355	Custom indicator TrendsFollowers EURUSD,H4: loaded successfully
2	23:25:26.097	Custom indicator TrendsFollowers EURUSD,H4: loaded successfully
2	23:26:00.791	Custom indicator TrendsFollowers USDCHF,H4: loaded successfully
2	23:26:56.935	Custom indicator TrendsFollowers EURUSD,H4: loaded successfully
2	23:27:14.933	Custom indicator TrendsFollowers USDCHF,H4: loaded successfully
